#
# A fatal error has been detected by the Java Runtime Environment:
#
#  EXCEPTION_ACCESS_VIOLATION (0xc0000005) at pc=0x00007ff81a4e0822, pid=19824, tid=19636
#
# JRE version: Java(TM) SE Runtime Environment (13.0.1+9) (build 13.0.1+9)
# Java VM: Java HotSpot(TM) 64-Bit Server VM (13.0.1+9, mixed mode, sharing, tiered, compressed oops, g1 gc, windows-amd64)
# Problematic frame:
# C  [jniortools.dll+0xa40822]
#
# No core dump will be written. Minidumps are not enabled by default on client versions of Windows
#
# If you would like to submit a bug report, please visit:
#   http://bugreport.java.com/bugreport/crash.jsp
# The crash happened outside the Java Virtual Machine in native code.
# See problematic frame for where to report the bug.
#

---------------  S U M M A R Y ------------

Command Line: -Djava.util.Arrays.useLegacyMergeSort=true -Djava.library.path=C:\ortools\or-tools_VisualStudio2019-64bit_v7.6.7691\lib -javaagent:C:\Program Files\JetBrains\IntelliJ IDEA Community Edition 2020.1.2\lib\idea_rt.jar=54170:C:\Program Files\JetBrains\IntelliJ IDEA Community Edition 2020.1.2\bin -Dfile.encoding=UTF-8 Main

Host: Intel(R) Core(TM) i5-8300H CPU @ 2.30GHz, 8 cores, 15G,  Windows 10 , 64 bit Build 19041 (10.0.19041.1151)
Time: Fri Aug 20 23:39:53 2021 SE Asia Standard Time elapsed time: 1066 seconds (0d 0h 17m 46s)

---------------  T H R E A D  ---------------

Current thread (0x000001945da96000):  JavaThread "main" [_thread_in_native, id=19636, stack(0x000000321d700000,0x000000321d800000)]

Stack: [0x000000321d700000,0x000000321d800000],  sp=0x000000321d7fe970,  free space=1018k
Native frames: (J=compiled Java code, j=interpreted, Vv=VM code, C=native code)
C  [jniortools.dll+0xa40822]

Java frames: (J=compiled Java code, j=interpreted, Vv=VM code)
j  com.google.ortools.sat.mainJNI.SatHelper_solveWithParameters([B[B)[B+0
j  com.google.ortools.sat.SatHelper.solveWithParameters(Lcom/google/ortools/sat/CpModelProto;Lcom/google/ortools/sat/SatParameters;)Lcom/google/ortools/sat/CpSolverResponse;+8
j  com.google.ortools.sat.CpSolver.solve(Lcom/google/ortools/sat/CpModel;)Lcom/google/ortools/sat/CpSolverStatus;+12
j  Main.solveSOBPMIP(LBusMap;FII)I+840
j  Main.main([Ljava/lang/String;)V+217
v  ~StubRoutines::call_stub

siginfo: EXCEPTION_ACCESS_VIOLATION (0xc0000005), reading address 0x0000019402c41f37


Register to memory mapping:

RIP=0x00007ff81a4e0822 jniortools.dll
RAX=0x0000019402c41ed0 is an unknown value
RBX=0x0 is NULL
RCX=0x0000019402ee3c30 points into unknown readable memory: d0 1e c4 02 94 01 00 00
RDX=0x000001945b9d0000 points into unknown readable memory: 00 00 00 00 00 00 00 00
RSP=0x000000321d7fe970 is pointing into the stack for thread: 0x000001945da96000
RBP=0x0 is NULL
RSI=0x0000019402ee3c30 points into unknown readable memory: d0 1e c4 02 94 01 00 00
RDI=0x0 is NULL
R8 =0x00000000ffffffff is an unknown value
R9 =0x0000000000000001 is an unknown value
R10=0x000001945b9d0000 points into unknown readable memory: 00 00 00 00 00 00 00 00
R11=0x000000321d7fe920 is pointing into the stack for thread: 0x000001945da96000
R12=0x0 is NULL
R13={method} {0x000001947fcaf438} 'SatHelper_solveWithParameters' '([B[B)[B' in 'com/google/ortools/sat/mainJNI'
R14=0x0 is NULL
R15=0x00007ff81a90c820 jniortools.dll


Registers:
RAX=0x0000019402c41ed0, RBX=0x0000000000000000, RCX=0x0000019402ee3c30, RDX=0x000001945b9d0000
RSP=0x000000321d7fe970, RBP=0x0000000000000000, RSI=0x0000019402ee3c30, RDI=0x0000000000000000
R8 =0x00000000ffffffff, R9 =0x0000000000000001, R10=0x000001945b9d0000, R11=0x000000321d7fe920
R12=0x0000000000000000, R13=0x000001947fcaf430, R14=0x0000000000000000, R15=0x00007ff81a90c820
RIP=0x00007ff81a4e0822, EFLAGS=0x0000000000010246

Top of Stack: (sp=0x000000321d7fe970)
0x000000321d7fe970:   0000000000000000 00007ff89d95f05b
0x000000321d7fe980:   0000019402ee3d80 00007ff89d95f05b
0x000000321d7fe990:   00000194022a96a0 000000321d7fef80
0x000000321d7fe9a0:   0000000000000000 00007ff81a0c9a21
0x000000321d7fe9b0:   0000019402ee3f68 00007ff81a0c8b68
0x000000321d7fe9c0:   0000019402ee58d0 0000019400000000
0x000000321d7fe9d0:   0000f36e3f20c963 0000000000000000
0x000000321d7fe9e0:   0000000000000000 00007ff81a28eded
0x000000321d7fe9f0:   000000321d7fef80 0000019402ee3c20
0x000000321d7fea00:   000000321d7feb90 000000321d7fef80
0x000000321d7fea10:   0000000000000000 00007ff81a49ba6c
0x000000321d7fea20:   0000019402ee3c20 00007ff81a290024
0x000000321d7fea30:   0000000000000000 0000000000000001
0x000000321d7fea40:   0000000000000001 000000321d7feb90
0x000000321d7fea50:   0000000000000001 00007ff819fa6312
0x000000321d7fea60:   000001940279dd70 0000000000000000 

Instructions: (pc=0x00007ff81a4e0822)
0x00007ff81a4e0722:   c8 48 8d 15 5e 49 49 00 e8 31 e0 5c ff 90 48 8b
0x00007ff81a4e0732:   c8 48 8b d7 ff 15 24 ae 42 00 90 f6 c3 02 74 0e
0x00007ff81a4e0742:   83 e3 fd 48 8d 4c 24 20 e8 b1 70 6a ff 90 48 8b
0x00007ff81a4e0752:   be 90 00 00 00 48 85 ff 7e 5d 83 3d b9 6a 6e 00
0x00007ff81a4e0762:   02 7c 41 83 cb 04 41 b8 35 00 00 00 48 8d 15 c3
0x00007ff81a4e0772:   48 49 00 48 8d 4c 24 20 e8 01 67 6a ff 90 48 8b
0x00007ff81a4e0782:   c8 e8 d8 06 6b ff 90 48 8b c8 48 8d 15 15 49 49
0x00007ff81a4e0792:   00 e8 c8 df 5c ff 90 48 8b c8 48 8b d7 ff 15 bb
0x00007ff81a4e07a2:   ad 42 00 90 f6 c3 04 74 0e 83 e3 fb 48 8d 4c 24
0x00007ff81a4e07b2:   20 e8 48 70 6a ff 90 48 8b be 98 00 00 00 48 85
0x00007ff81a4e07c2:   ff 7e 5a 83 3d 50 6a 6e 00 02 7c 41 83 cb 08 41
0x00007ff81a4e07d2:   b8 38 00 00 00 48 8d 15 5a 48 49 00 48 8d 4c 24
0x00007ff81a4e07e2:   20 e8 98 66 6a ff 90 48 8b c8 e8 6f 06 6b ff 90
0x00007ff81a4e07f2:   48 8b c8 48 8d 15 cc 48 49 00 e8 5f df 5c ff 90
0x00007ff81a4e0802:   48 8b c8 48 8b d7 ff 15 52 ad 42 00 90 f6 c3 08
0x00007ff81a4e0812:   74 0b 48 8d 4c 24 20 e8 e2 6f 6a ff 90 48 8b 06
0x00007ff81a4e0822:   40 38 68 67 0f 84 9f 01 00 00 41 b8 3b 00 00 00
0x00007ff81a4e0832:   48 8d 15 ff 47 49 00 48 8d 4c 24 20 e8 3d 66 6a
0x00007ff81a4e0842:   ff 90 48 8b c8 e8 14 06 6b ff 90 48 8b c8 48 8d
0x00007ff81a4e0852:   15 91 48 49 00 e8 04 df 5c ff 90 48 8b c8 48 8b
0x00007ff81a4e0862:   96 a0 00 00 00 ff 15 f3 ac 42 00 90 48 8d 4c 24
0x00007ff81a4e0872:   20 e8 88 6f 6a ff 90 48 8b 9e a8 00 00 00 48 8b
0x00007ff81a4e0882:   1b 40 38 6b 19 0f 85 3e 01 00 00 48 8d 53 20 48
0x00007ff81a4e0892:   8d 4c 24 38 e8 75 30 69 ff 90 8b 43 40 89 44 24
0x00007ff81a4e08a2:   58 41 b8 3d 00 00 00 48 8d 15 88 47 49 00 48 8d
0x00007ff81a4e08b2:   4c 24 20 e8 c6 65 6a ff 90 48 8b c8 e8 9d 05 6b
0x00007ff81a4e08c2:   ff 90 48 8b c8 48 8d 15 fa 64 47 00 e8 8d de 5c
0x00007ff81a4e08d2:   ff 90 48 8b c8 8b 54 24 58 ff 15 87 ac 42 00 90
0x00007ff81a4e08e2:   48 8b c8 48 8d 15 14 48 49 00 e8 6f de 5c ff 90
0x00007ff81a4e08f2:   48 8d 54 24 38 48 83 7c 24 50 10 48 0f 43 54 24
0x00007ff81a4e0902:   38 4c 8b 44 24 48 48 8b c8 e8 60 66 5d ff 90 48
0x00007ff81a4e0912:   8b c8 48 8d 15 d5 21 46 00 e8 40 de 5c ff 90 48 


Stack slot to memory mapping:
stack at sp + 0 slots: 0x0 is NULL
stack at sp + 1 slots: 0x00007ff89d95f05b ucrtbase.dll
stack at sp + 2 slots: 0x0000019402ee3d80 points into unknown readable memory: 00 00 00 00 00 00 00 00
stack at sp + 3 slots: 0x00007ff89d95f05b ucrtbase.dll
stack at sp + 4 slots: 0x00000194022a96a0 points into unknown readable memory: 20 a8 ea 02 94 01 00 00
stack at sp + 5 slots: 0x000000321d7fef80 is pointing into the stack for thread: 0x000001945da96000
stack at sp + 6 slots: 0x0 is NULL
stack at sp + 7 slots: 0x00007ff81a0c9a21 jniortools.dll


---------------  P R O C E S S  ---------------

Threads class SMR info:
_java_thread_list=0x00000194027a9f80, length=13, elements={
0x000001945da96000, 0x000001947f688800, 0x000001947f68b800, 0x000001947f6a9000,
0x000001947f6aa000, 0x000001947f6ac000, 0x00000194020e6800, 0x00000194020e8800,
0x0000019402081000, 0x000001940238d800, 0x000001940238e800, 0x000001940327c000,
0x0000019402d07000
}

Java Threads: ( => current thread )
=>0x000001945da96000 JavaThread "main" [_thread_in_native, id=19636, stack(0x000000321d700000,0x000000321d800000)]
  0x000001947f688800 JavaThread "Reference Handler" daemon [_thread_blocked, id=15876, stack(0x000000321de00000,0x000000321df00000)]
  0x000001947f68b800 JavaThread "Finalizer" daemon [_thread_blocked, id=14088, stack(0x000000321df00000,0x000000321e000000)]
  0x000001947f6a9000 JavaThread "Signal Dispatcher" daemon [_thread_blocked, id=14552, stack(0x000000321e000000,0x000000321e100000)]
  0x000001947f6aa000 JavaThread "Attach Listener" daemon [_thread_blocked, id=14556, stack(0x000000321e100000,0x000000321e200000)]
  0x000001947f6ac000 JavaThread "C2 CompilerThread0" daemon [_thread_blocked, id=18260, stack(0x000000321e200000,0x000000321e300000)]
  0x00000194020e6800 JavaThread "C1 CompilerThread0" daemon [_thread_blocked, id=18312, stack(0x000000321e300000,0x000000321e400000)]
  0x00000194020e8800 JavaThread "Sweeper thread" daemon [_thread_blocked, id=16992, stack(0x000000321e400000,0x000000321e500000)]
  0x0000019402081000 JavaThread "Common-Cleaner" daemon [_thread_blocked, id=17860, stack(0x000000321e500000,0x000000321e600000)]
  0x000001940238d800 JavaThread "Monitor Ctrl-Break" daemon [_thread_in_native, id=8512, stack(0x000000321e600000,0x000000321e700000)]
  0x000001940238e800 JavaThread "Service Thread" daemon [_thread_blocked, id=18904, stack(0x000000321e700000,0x000000321e800000)]
  0x000001940327c000 JavaThread "C2 CompilerThread1" daemon [_thread_blocked, id=22416, stack(0x000000321d500000,0x000000321d600000)]
  0x0000019402d07000 JavaThread "C2 CompilerThread2" daemon [_thread_blocked, id=20348, stack(0x000000321d600000,0x000000321d700000)]

Other Threads:
  0x000001947f684800 VMThread "VM Thread" [stack: 0x000000321dd00000,0x000000321de00000] [id=17964]
  0x0000019402394000 WatcherThread [stack: 0x000000321e800000,0x000000321e900000] [id=18900]
  0x000001945daff800 GCTaskThread "GC Thread#0" [stack: 0x000000321d800000,0x000000321d900000] [id=18288]
  0x0000019402b56000 GCTaskThread "GC Thread#1" [stack: 0x000000321eb00000,0x000000321ec00000] [id=19248]
  0x0000019402d72800 GCTaskThread "GC Thread#2" [stack: 0x000000321ec00000,0x000000321ed00000] [id=19900]
  0x0000019402b48800 GCTaskThread "GC Thread#3" [stack: 0x000000321ed00000,0x000000321ee00000] [id=18616]
  0x0000019402bd7000 GCTaskThread "GC Thread#4" [stack: 0x000000321ee00000,0x000000321ef00000] [id=18612]
  0x0000019402b8e800 GCTaskThread "GC Thread#5" [stack: 0x000000321ef00000,0x000000321f000000] [id=18608]
  0x0000019402eec800 GCTaskThread "GC Thread#6" [stack: 0x000000321d400000,0x000000321d500000] [id=22200]
  0x000001945db21000 ConcurrentGCThread "G1 Main Marker" [stack: 0x000000321d900000,0x000000321da00000] [id=18292]
  0x000001945db23800 ConcurrentGCThread "G1 Conc#0" [stack: 0x000000321da00000,0x000000321db00000] [id=13976]
  0x000001947f584800 ConcurrentGCThread "G1 Refine#0" [stack: 0x000000321db00000,0x000000321dc00000] [id=17960]
  0x000001947f585000 ConcurrentGCThread "G1 Young RemSet Sampling" [stack: 0x000000321dc00000,0x000000321dd00000] [id=17956]

Threads with active compile tasks:

VM state:not at safepoint (normal execution)

VM Mutex/Monitor currently owned by a thread: None

Heap address: 0x0000000701a00000, size: 4070 MB, Compressed Oops mode: Zero based, Oop shift amount: 3
Narrow klass base: 0x0000000800000000, Narrow klass shift: 3
Compressed class space size: 1073741824 Address: 0x0000000800b40000

Heap:
 garbage-first heap   total 315392K, used 174061K [0x0000000701a00000, 0x0000000800000000)
  region size 1024K, 160 young (163840K), 1 survivors (1024K)
 Metaspace       used 4077K, capacity 6995K, committed 7296K, reserved 1056768K
  class space    used 289K, capacity 584K, committed 640K, reserved 1048576K
Heap Regions: E=young(eden), S=young(survivor), O=old, HS=humongous(starts), HC=humongous(continues), CS=collection set, F=free, A=archive, TAMS=top-at-mark-start (previous, next)
|   0|0x0000000701a00000, 0x0000000701b00000, 0x0000000701b00000|100%| O|  |TAMS 0x0000000701a00000, 0x0000000701a00000| Untracked 
|   1|0x0000000701b00000, 0x0000000701c00000, 0x0000000701c00000|100%| O|  |TAMS 0x0000000701b00000, 0x0000000701b00000| Untracked 
|   2|0x0000000701c00000, 0x0000000701d00000, 0x0000000701d00000|100%| O|  |TAMS 0x0000000701c00000, 0x0000000701c00000| Untracked 
|   3|0x0000000701d00000, 0x0000000701e00000, 0x0000000701e00000|100%| O|  |TAMS 0x0000000701d00000, 0x0000000701d00000| Untracked 
|   4|0x0000000701e00000, 0x0000000701f00000, 0x0000000701f00000|100%| O|  |TAMS 0x0000000701e00000, 0x0000000701e00000| Untracked 
|   5|0x0000000701f00000, 0x0000000702000000, 0x0000000702000000|100%| O|  |TAMS 0x0000000701f00000, 0x0000000701f00000| Untracked 
|   6|0x0000000702000000, 0x0000000702100000, 0x0000000702100000|100%| O|  |TAMS 0x0000000702000000, 0x0000000702000000| Untracked 
|   7|0x0000000702100000, 0x0000000702200000, 0x0000000702200000|100%| O|  |TAMS 0x0000000702100000, 0x0000000702100000| Untracked 
|   8|0x0000000702200000, 0x0000000702300000, 0x0000000702300000|100%| O|  |TAMS 0x0000000702200000, 0x0000000702200000| Untracked 
|   9|0x0000000702300000, 0x0000000702400000, 0x0000000702400000|100%| O|  |TAMS 0x0000000702300000, 0x0000000702300000| Untracked 
|  10|0x0000000702400000, 0x0000000702500000, 0x0000000702500000|100%| O|  |TAMS 0x0000000702400000, 0x0000000702400000| Untracked 
|  11|0x0000000702500000, 0x0000000702550c00, 0x0000000702600000| 31%| O|  |TAMS 0x0000000702500000, 0x0000000702500000| Untracked 
|  12|0x0000000702600000, 0x0000000702600000, 0x0000000702700000|  0%| F|  |TAMS 0x0000000702600000, 0x0000000702600000| Untracked 
|  13|0x0000000702700000, 0x0000000702700000, 0x0000000702800000|  0%| F|  |TAMS 0x0000000702700000, 0x0000000702700000| Untracked 
|  14|0x0000000702800000, 0x0000000702800000, 0x0000000702900000|  0%| F|  |TAMS 0x0000000702800000, 0x0000000702800000| Untracked 
|  15|0x0000000702900000, 0x0000000702900000, 0x0000000702a00000|  0%| F|  |TAMS 0x0000000702900000, 0x0000000702900000| Untracked 
|  16|0x0000000702a00000, 0x0000000702a00000, 0x0000000702b00000|  0%| F|  |TAMS 0x0000000702a00000, 0x0000000702a00000| Untracked 
|  17|0x0000000702b00000, 0x0000000702b00000, 0x0000000702c00000|  0%| F|  |TAMS 0x0000000702b00000, 0x0000000702b00000| Untracked 
|  18|0x0000000702c00000, 0x0000000702c00000, 0x0000000702d00000|  0%| F|  |TAMS 0x0000000702c00000, 0x0000000702c00000| Untracked 
|  19|0x0000000702d00000, 0x0000000702d00000, 0x0000000702e00000|  0%| F|  |TAMS 0x0000000702d00000, 0x0000000702d00000| Untracked 
|  20|0x0000000702e00000, 0x0000000702e00000, 0x0000000702f00000|  0%| F|  |TAMS 0x0000000702e00000, 0x0000000702e00000| Untracked 
|  21|0x0000000702f00000, 0x0000000702f00000, 0x0000000703000000|  0%| F|  |TAMS 0x0000000702f00000, 0x0000000702f00000| Untracked 
|  22|0x0000000703000000, 0x0000000703000000, 0x0000000703100000|  0%| F|  |TAMS 0x0000000703000000, 0x0000000703000000| Untracked 
|  23|0x0000000703100000, 0x0000000703100000, 0x0000000703200000|  0%| F|  |TAMS 0x0000000703100000, 0x0000000703100000| Untracked 
|  24|0x0000000703200000, 0x0000000703200000, 0x0000000703300000|  0%| F|  |TAMS 0x0000000703200000, 0x0000000703200000| Untracked 
|  25|0x0000000703300000, 0x0000000703300000, 0x0000000703400000|  0%| F|  |TAMS 0x0000000703300000, 0x0000000703300000| Untracked 
|  26|0x0000000703400000, 0x0000000703400000, 0x0000000703500000|  0%| F|  |TAMS 0x0000000703400000, 0x0000000703400000| Untracked 
|  27|0x0000000703500000, 0x0000000703500000, 0x0000000703600000|  0%| F|  |TAMS 0x0000000703500000, 0x0000000703500000| Untracked 
|  28|0x0000000703600000, 0x0000000703600000, 0x0000000703700000|  0%| F|  |TAMS 0x0000000703600000, 0x0000000703600000| Untracked 
|  29|0x0000000703700000, 0x0000000703700000, 0x0000000703800000|  0%| F|  |TAMS 0x0000000703700000, 0x0000000703700000| Untracked 
|  30|0x0000000703800000, 0x0000000703800000, 0x0000000703900000|  0%| F|  |TAMS 0x0000000703800000, 0x0000000703800000| Untracked 
|  31|0x0000000703900000, 0x0000000703900000, 0x0000000703a00000|  0%| F|  |TAMS 0x0000000703900000, 0x0000000703900000| Untracked 
|  32|0x0000000703a00000, 0x0000000703a00000, 0x0000000703b00000|  0%| F|  |TAMS 0x0000000703a00000, 0x0000000703a00000| Untracked 
|  33|0x0000000703b00000, 0x0000000703b00000, 0x0000000703c00000|  0%| F|  |TAMS 0x0000000703b00000, 0x0000000703b00000| Untracked 
|  34|0x0000000703c00000, 0x0000000703c00000, 0x0000000703d00000|  0%| F|  |TAMS 0x0000000703c00000, 0x0000000703c00000| Untracked 
|  35|0x0000000703d00000, 0x0000000703d00000, 0x0000000703e00000|  0%| F|  |TAMS 0x0000000703d00000, 0x0000000703d00000| Untracked 
|  36|0x0000000703e00000, 0x0000000703e00000, 0x0000000703f00000|  0%| F|  |TAMS 0x0000000703e00000, 0x0000000703e00000| Untracked 
|  37|0x0000000703f00000, 0x0000000703f00000, 0x0000000704000000|  0%| F|  |TAMS 0x0000000703f00000, 0x0000000703f00000| Untracked 
|  38|0x0000000704000000, 0x0000000704000000, 0x0000000704100000|  0%| F|  |TAMS 0x0000000704000000, 0x0000000704000000| Untracked 
|  39|0x0000000704100000, 0x0000000704100000, 0x0000000704200000|  0%| F|  |TAMS 0x0000000704100000, 0x0000000704100000| Untracked 
|  40|0x0000000704200000, 0x0000000704200000, 0x0000000704300000|  0%| F|  |TAMS 0x0000000704200000, 0x0000000704200000| Untracked 
|  41|0x0000000704300000, 0x0000000704300000, 0x0000000704400000|  0%| F|  |TAMS 0x0000000704300000, 0x0000000704300000| Untracked 
|  42|0x0000000704400000, 0x0000000704400000, 0x0000000704500000|  0%| F|  |TAMS 0x0000000704400000, 0x0000000704400000| Untracked 
|  43|0x0000000704500000, 0x0000000704500000, 0x0000000704600000|  0%| F|  |TAMS 0x0000000704500000, 0x0000000704500000| Untracked 
|  44|0x0000000704600000, 0x0000000704600000, 0x0000000704700000|  0%| F|  |TAMS 0x0000000704600000, 0x0000000704600000| Untracked 
|  45|0x0000000704700000, 0x0000000704700000, 0x0000000704800000|  0%| F|  |TAMS 0x0000000704700000, 0x0000000704700000| Untracked 
|  46|0x0000000704800000, 0x0000000704800000, 0x0000000704900000|  0%| F|  |TAMS 0x0000000704800000, 0x0000000704800000| Untracked 
|  47|0x0000000704900000, 0x0000000704900000, 0x0000000704a00000|  0%| F|  |TAMS 0x0000000704900000, 0x0000000704900000| Untracked 
|  48|0x0000000704a00000, 0x0000000704a00000, 0x0000000704b00000|  0%| F|  |TAMS 0x0000000704a00000, 0x0000000704a00000| Untracked 
|  49|0x0000000704b00000, 0x0000000704b00000, 0x0000000704c00000|  0%| F|  |TAMS 0x0000000704b00000, 0x0000000704b00000| Untracked 
|  50|0x0000000704c00000, 0x0000000704c00000, 0x0000000704d00000|  0%| F|  |TAMS 0x0000000704c00000, 0x0000000704c00000| Untracked 
|  51|0x0000000704d00000, 0x0000000704d00000, 0x0000000704e00000|  0%| F|  |TAMS 0x0000000704d00000, 0x0000000704d00000| Untracked 
|  52|0x0000000704e00000, 0x0000000704e00000, 0x0000000704f00000|  0%| F|  |TAMS 0x0000000704e00000, 0x0000000704e00000| Untracked 
|  53|0x0000000704f00000, 0x0000000704f00000, 0x0000000705000000|  0%| F|  |TAMS 0x0000000704f00000, 0x0000000704f00000| Untracked 
|  54|0x0000000705000000, 0x0000000705000000, 0x0000000705100000|  0%| F|  |TAMS 0x0000000705000000, 0x0000000705000000| Untracked 
|  55|0x0000000705100000, 0x0000000705100000, 0x0000000705200000|  0%| F|  |TAMS 0x0000000705100000, 0x0000000705100000| Untracked 
|  56|0x0000000705200000, 0x0000000705200000, 0x0000000705300000|  0%| F|  |TAMS 0x0000000705200000, 0x0000000705200000| Untracked 
|  57|0x0000000705300000, 0x0000000705300000, 0x0000000705400000|  0%| F|  |TAMS 0x0000000705300000, 0x0000000705300000| Untracked 
|  58|0x0000000705400000, 0x0000000705400000, 0x0000000705500000|  0%| F|  |TAMS 0x0000000705400000, 0x0000000705400000| Untracked 
|  59|0x0000000705500000, 0x0000000705500000, 0x0000000705600000|  0%| F|  |TAMS 0x0000000705500000, 0x0000000705500000| Untracked 
|  60|0x0000000705600000, 0x0000000705600000, 0x0000000705700000|  0%| F|  |TAMS 0x0000000705600000, 0x0000000705600000| Untracked 
|  61|0x0000000705700000, 0x0000000705700000, 0x0000000705800000|  0%| F|  |TAMS 0x0000000705700000, 0x0000000705700000| Untracked 
|  62|0x0000000705800000, 0x0000000705800000, 0x0000000705900000|  0%| F|  |TAMS 0x0000000705800000, 0x0000000705800000| Untracked 
|  63|0x0000000705900000, 0x0000000705900000, 0x0000000705a00000|  0%| F|  |TAMS 0x0000000705900000, 0x0000000705900000| Untracked 
|  64|0x0000000705a00000, 0x0000000705a00000, 0x0000000705b00000|  0%| F|  |TAMS 0x0000000705a00000, 0x0000000705a00000| Untracked 
|  65|0x0000000705b00000, 0x0000000705b00000, 0x0000000705c00000|  0%| F|  |TAMS 0x0000000705b00000, 0x0000000705b00000| Untracked 
|  66|0x0000000705c00000, 0x0000000705c00000, 0x0000000705d00000|  0%| F|  |TAMS 0x0000000705c00000, 0x0000000705c00000| Untracked 
|  67|0x0000000705d00000, 0x0000000705d00000, 0x0000000705e00000|  0%| F|  |TAMS 0x0000000705d00000, 0x0000000705d00000| Untracked 
|  68|0x0000000705e00000, 0x0000000705e00000, 0x0000000705f00000|  0%| F|  |TAMS 0x0000000705e00000, 0x0000000705e00000| Untracked 
|  69|0x0000000705f00000, 0x0000000705f00000, 0x0000000706000000|  0%| F|  |TAMS 0x0000000705f00000, 0x0000000705f00000| Untracked 
|  70|0x0000000706000000, 0x0000000706000000, 0x0000000706100000|  0%| F|  |TAMS 0x0000000706000000, 0x0000000706000000| Untracked 
|  71|0x0000000706100000, 0x0000000706100000, 0x0000000706200000|  0%| F|  |TAMS 0x0000000706100000, 0x0000000706100000| Untracked 
|  72|0x0000000706200000, 0x0000000706200000, 0x0000000706300000|  0%| F|  |TAMS 0x0000000706200000, 0x0000000706200000| Untracked 
|  73|0x0000000706300000, 0x0000000706300000, 0x0000000706400000|  0%| F|  |TAMS 0x0000000706300000, 0x0000000706300000| Untracked 
|  74|0x0000000706400000, 0x0000000706400000, 0x0000000706500000|  0%| F|  |TAMS 0x0000000706400000, 0x0000000706400000| Untracked 
|  75|0x0000000706500000, 0x0000000706500000, 0x0000000706600000|  0%| F|  |TAMS 0x0000000706500000, 0x0000000706500000| Untracked 
|  76|0x0000000706600000, 0x0000000706600000, 0x0000000706700000|  0%| F|  |TAMS 0x0000000706600000, 0x0000000706600000| Untracked 
|  77|0x0000000706700000, 0x0000000706700000, 0x0000000706800000|  0%| F|  |TAMS 0x0000000706700000, 0x0000000706700000| Untracked 
|  78|0x0000000706800000, 0x0000000706800000, 0x0000000706900000|  0%| F|  |TAMS 0x0000000706800000, 0x0000000706800000| Untracked 
|  79|0x0000000706900000, 0x0000000706900000, 0x0000000706a00000|  0%| F|  |TAMS 0x0000000706900000, 0x0000000706900000| Untracked 
|  80|0x0000000706a00000, 0x0000000706a00000, 0x0000000706b00000|  0%| F|  |TAMS 0x0000000706a00000, 0x0000000706a00000| Untracked 
|  81|0x0000000706b00000, 0x0000000706b00000, 0x0000000706c00000|  0%| F|  |TAMS 0x0000000706b00000, 0x0000000706b00000| Untracked 
|  82|0x0000000706c00000, 0x0000000706c00000, 0x0000000706d00000|  0%| F|  |TAMS 0x0000000706c00000, 0x0000000706c00000| Untracked 
|  83|0x0000000706d00000, 0x0000000706d00000, 0x0000000706e00000|  0%| F|  |TAMS 0x0000000706d00000, 0x0000000706d00000| Untracked 
|  84|0x0000000706e00000, 0x0000000706e00000, 0x0000000706f00000|  0%| F|  |TAMS 0x0000000706e00000, 0x0000000706e00000| Untracked 
|  85|0x0000000706f00000, 0x0000000706f00000, 0x0000000707000000|  0%| F|  |TAMS 0x0000000706f00000, 0x0000000706f00000| Untracked 
|  86|0x0000000707000000, 0x0000000707000000, 0x0000000707100000|  0%| F|  |TAMS 0x0000000707000000, 0x0000000707000000| Untracked 
|  87|0x0000000707100000, 0x0000000707100000, 0x0000000707200000|  0%| F|  |TAMS 0x0000000707100000, 0x0000000707100000| Untracked 
|  88|0x0000000707200000, 0x0000000707200000, 0x0000000707300000|  0%| F|  |TAMS 0x0000000707200000, 0x0000000707200000| Untracked 
|  89|0x0000000707300000, 0x0000000707300000, 0x0000000707400000|  0%| F|  |TAMS 0x0000000707300000, 0x0000000707300000| Untracked 
|  90|0x0000000707400000, 0x0000000707400000, 0x0000000707500000|  0%| F|  |TAMS 0x0000000707400000, 0x0000000707400000| Untracked 
|  91|0x0000000707500000, 0x0000000707500000, 0x0000000707600000|  0%| F|  |TAMS 0x0000000707500000, 0x0000000707500000| Untracked 
|  92|0x0000000707600000, 0x0000000707600000, 0x0000000707700000|  0%| F|  |TAMS 0x0000000707600000, 0x0000000707600000| Untracked 
|  93|0x0000000707700000, 0x0000000707700000, 0x0000000707800000|  0%| F|  |TAMS 0x0000000707700000, 0x0000000707700000| Untracked 
|  94|0x0000000707800000, 0x0000000707800000, 0x0000000707900000|  0%| F|  |TAMS 0x0000000707800000, 0x0000000707800000| Untracked 
|  95|0x0000000707900000, 0x0000000707900000, 0x0000000707a00000|  0%| F|  |TAMS 0x0000000707900000, 0x0000000707900000| Untracked 
|  96|0x0000000707a00000, 0x0000000707a00000, 0x0000000707b00000|  0%| F|  |TAMS 0x0000000707a00000, 0x0000000707a00000| Untracked 
|  97|0x0000000707b00000, 0x0000000707b00000, 0x0000000707c00000|  0%| F|  |TAMS 0x0000000707b00000, 0x0000000707b00000| Untracked 
|  98|0x0000000707c00000, 0x0000000707c00000, 0x0000000707d00000|  0%| F|  |TAMS 0x0000000707c00000, 0x0000000707c00000| Untracked 
|  99|0x0000000707d00000, 0x0000000707d00000, 0x0000000707e00000|  0%| F|  |TAMS 0x0000000707d00000, 0x0000000707d00000| Untracked 
| 100|0x0000000707e00000, 0x0000000707e00000, 0x0000000707f00000|  0%| F|  |TAMS 0x0000000707e00000, 0x0000000707e00000| Untracked 
| 101|0x0000000707f00000, 0x0000000707f00000, 0x0000000708000000|  0%| F|  |TAMS 0x0000000707f00000, 0x0000000707f00000| Untracked 
| 102|0x0000000708000000, 0x0000000708000000, 0x0000000708100000|  0%| F|  |TAMS 0x0000000708000000, 0x0000000708000000| Untracked 
| 103|0x0000000708100000, 0x0000000708100000, 0x0000000708200000|  0%| F|  |TAMS 0x0000000708100000, 0x0000000708100000| Untracked 
| 104|0x0000000708200000, 0x0000000708200000, 0x0000000708300000|  0%| F|  |TAMS 0x0000000708200000, 0x0000000708200000| Untracked 
| 105|0x0000000708300000, 0x0000000708300000, 0x0000000708400000|  0%| F|  |TAMS 0x0000000708300000, 0x0000000708300000| Untracked 
| 106|0x0000000708400000, 0x0000000708400000, 0x0000000708500000|  0%| F|  |TAMS 0x0000000708400000, 0x0000000708400000| Untracked 
| 107|0x0000000708500000, 0x0000000708500000, 0x0000000708600000|  0%| F|  |TAMS 0x0000000708500000, 0x0000000708500000| Untracked 
| 108|0x0000000708600000, 0x0000000708600000, 0x0000000708700000|  0%| F|  |TAMS 0x0000000708600000, 0x0000000708600000| Untracked 
| 109|0x0000000708700000, 0x0000000708700000, 0x0000000708800000|  0%| F|  |TAMS 0x0000000708700000, 0x0000000708700000| Untracked 
| 110|0x0000000708800000, 0x0000000708800000, 0x0000000708900000|  0%| F|  |TAMS 0x0000000708800000, 0x0000000708800000| Untracked 
| 111|0x0000000708900000, 0x0000000708900000, 0x0000000708a00000|  0%| F|  |TAMS 0x0000000708900000, 0x0000000708900000| Untracked 
| 112|0x0000000708a00000, 0x0000000708a00000, 0x0000000708b00000|  0%| F|  |TAMS 0x0000000708a00000, 0x0000000708a00000| Untracked 
| 113|0x0000000708b00000, 0x0000000708b00000, 0x0000000708c00000|  0%| F|  |TAMS 0x0000000708b00000, 0x0000000708b00000| Untracked 
| 114|0x0000000708c00000, 0x0000000708c00000, 0x0000000708d00000|  0%| F|  |TAMS 0x0000000708c00000, 0x0000000708c00000| Untracked 
| 115|0x0000000708d00000, 0x0000000708d00000, 0x0000000708e00000|  0%| F|  |TAMS 0x0000000708d00000, 0x0000000708d00000| Untracked 
| 116|0x0000000708e00000, 0x0000000708e00000, 0x0000000708f00000|  0%| F|  |TAMS 0x0000000708e00000, 0x0000000708e00000| Untracked 
| 117|0x0000000708f00000, 0x0000000708f00000, 0x0000000709000000|  0%| F|  |TAMS 0x0000000708f00000, 0x0000000708f00000| Untracked 
| 118|0x0000000709000000, 0x0000000709000000, 0x0000000709100000|  0%| F|  |TAMS 0x0000000709000000, 0x0000000709000000| Untracked 
| 119|0x0000000709100000, 0x0000000709100000, 0x0000000709200000|  0%| F|  |TAMS 0x0000000709100000, 0x0000000709100000| Untracked 
| 120|0x0000000709200000, 0x0000000709200000, 0x0000000709300000|  0%| F|  |TAMS 0x0000000709200000, 0x0000000709200000| Untracked 
| 121|0x0000000709300000, 0x0000000709300000, 0x0000000709400000|  0%| F|  |TAMS 0x0000000709300000, 0x0000000709300000| Untracked 
| 122|0x0000000709400000, 0x0000000709400000, 0x0000000709500000|  0%| F|  |TAMS 0x0000000709400000, 0x0000000709400000| Untracked 
| 123|0x0000000709500000, 0x0000000709500000, 0x0000000709600000|  0%| F|  |TAMS 0x0000000709500000, 0x0000000709500000| Untracked 
| 124|0x0000000709600000, 0x00000007096aaba0, 0x0000000709700000| 66%| S|CS|TAMS 0x0000000709600000, 0x0000000709600000| Complete 
| 125|0x0000000709700000, 0x0000000709700000, 0x0000000709800000|  0%| F|  |TAMS 0x0000000709700000, 0x0000000709700000| Untracked 
| 126|0x0000000709800000, 0x0000000709800000, 0x0000000709900000|  0%| F|  |TAMS 0x0000000709800000, 0x0000000709800000| Untracked 
| 127|0x0000000709900000, 0x0000000709900000, 0x0000000709a00000|  0%| F|  |TAMS 0x0000000709900000, 0x0000000709900000| Untracked 
| 128|0x0000000709a00000, 0x0000000709a00000, 0x0000000709b00000|  0%| F|  |TAMS 0x0000000709a00000, 0x0000000709a00000| Untracked 
| 129|0x0000000709b00000, 0x0000000709b00000, 0x0000000709c00000|  0%| F|  |TAMS 0x0000000709b00000, 0x0000000709b00000| Untracked 
| 130|0x0000000709c00000, 0x0000000709c00000, 0x0000000709d00000|  0%| F|  |TAMS 0x0000000709c00000, 0x0000000709c00000| Untracked 
| 131|0x0000000709d00000, 0x0000000709d00000, 0x0000000709e00000|  0%| F|  |TAMS 0x0000000709d00000, 0x0000000709d00000| Untracked 
| 132|0x0000000709e00000, 0x0000000709e00000, 0x0000000709f00000|  0%| F|  |TAMS 0x0000000709e00000, 0x0000000709e00000| Untracked 
| 133|0x0000000709f00000, 0x0000000709f00000, 0x000000070a000000|  0%| F|  |TAMS 0x0000000709f00000, 0x0000000709f00000| Untracked 
| 134|0x000000070a000000, 0x000000070a000000, 0x000000070a100000|  0%| F|  |TAMS 0x000000070a000000, 0x000000070a000000| Untracked 
| 135|0x000000070a100000, 0x000000070a100000, 0x000000070a200000|  0%| F|  |TAMS 0x000000070a100000, 0x000000070a100000| Untracked 
| 136|0x000000070a200000, 0x000000070a200000, 0x000000070a300000|  0%| F|  |TAMS 0x000000070a200000, 0x000000070a200000| Untracked 
| 137|0x000000070a300000, 0x000000070a300000, 0x000000070a400000|  0%| F|  |TAMS 0x000000070a300000, 0x000000070a300000| Untracked 
| 138|0x000000070a400000, 0x000000070a400000, 0x000000070a500000|  0%| F|  |TAMS 0x000000070a400000, 0x000000070a400000| Untracked 
| 139|0x000000070a500000, 0x000000070a500000, 0x000000070a600000|  0%| F|  |TAMS 0x000000070a500000, 0x000000070a500000| Untracked 
| 140|0x000000070a600000, 0x000000070a600000, 0x000000070a700000|  0%| F|  |TAMS 0x000000070a600000, 0x000000070a600000| Untracked 
| 141|0x000000070a700000, 0x000000070a700000, 0x000000070a800000|  0%| F|  |TAMS 0x000000070a700000, 0x000000070a700000| Untracked 
| 142|0x000000070a800000, 0x000000070a800000, 0x000000070a900000|  0%| F|  |TAMS 0x000000070a800000, 0x000000070a800000| Untracked 
| 143|0x000000070a900000, 0x000000070a900000, 0x000000070aa00000|  0%| F|  |TAMS 0x000000070a900000, 0x000000070a900000| Untracked 
| 144|0x000000070aa00000, 0x000000070aa00000, 0x000000070ab00000|  0%| F|  |TAMS 0x000000070aa00000, 0x000000070aa00000| Untracked 
| 145|0x000000070ab00000, 0x000000070ab00000, 0x000000070ac00000|  0%| F|  |TAMS 0x000000070ab00000, 0x000000070ab00000| Untracked 
| 146|0x000000070ac00000, 0x000000070ac00000, 0x000000070ad00000|  0%| F|  |TAMS 0x000000070ac00000, 0x000000070ac00000| Untracked 
| 147|0x000000070ad00000, 0x000000070ad00000, 0x000000070ae00000|  0%| F|  |TAMS 0x000000070ad00000, 0x000000070ad00000| Untracked 
| 148|0x000000070ae00000, 0x000000070ae00000, 0x000000070af00000|  0%| F|  |TAMS 0x000000070ae00000, 0x000000070ae00000| Untracked 
| 149|0x000000070af00000, 0x000000070af80800, 0x000000070b000000| 50%| E|  |TAMS 0x000000070af00000, 0x000000070af00000| Complete 
| 150|0x000000070b000000, 0x000000070b100000, 0x000000070b100000|100%| E|CS|TAMS 0x000000070b000000, 0x000000070b000000| Complete 
| 151|0x000000070b100000, 0x000000070b200000, 0x000000070b200000|100%| E|CS|TAMS 0x000000070b100000, 0x000000070b100000| Complete 
| 152|0x000000070b200000, 0x000000070b300000, 0x000000070b300000|100%| E|CS|TAMS 0x000000070b200000, 0x000000070b200000| Complete 
| 153|0x000000070b300000, 0x000000070b400000, 0x000000070b400000|100%| E|CS|TAMS 0x000000070b300000, 0x000000070b300000| Complete 
| 154|0x000000070b400000, 0x000000070b500000, 0x000000070b500000|100%| E|CS|TAMS 0x000000070b400000, 0x000000070b400000| Complete 
| 155|0x000000070b500000, 0x000000070b600000, 0x000000070b600000|100%| E|CS|TAMS 0x000000070b500000, 0x000000070b500000| Complete 
| 156|0x000000070b600000, 0x000000070b700000, 0x000000070b700000|100%| E|CS|TAMS 0x000000070b600000, 0x000000070b600000| Complete 
| 157|0x000000070b700000, 0x000000070b800000, 0x000000070b800000|100%| E|CS|TAMS 0x000000070b700000, 0x000000070b700000| Complete 
| 158|0x000000070b800000, 0x000000070b900000, 0x000000070b900000|100%| E|CS|TAMS 0x000000070b800000, 0x000000070b800000| Complete 
| 159|0x000000070b900000, 0x000000070ba00000, 0x000000070ba00000|100%| E|CS|TAMS 0x000000070b900000, 0x000000070b900000| Complete 
| 160|0x000000070ba00000, 0x000000070bb00000, 0x000000070bb00000|100%| E|CS|TAMS 0x000000070ba00000, 0x000000070ba00000| Complete 
| 161|0x000000070bb00000, 0x000000070bc00000, 0x000000070bc00000|100%| E|CS|TAMS 0x000000070bb00000, 0x000000070bb00000| Complete 
| 162|0x000000070bc00000, 0x000000070bd00000, 0x000000070bd00000|100%| E|CS|TAMS 0x000000070bc00000, 0x000000070bc00000| Complete 
| 163|0x000000070bd00000, 0x000000070be00000, 0x000000070be00000|100%| E|CS|TAMS 0x000000070bd00000, 0x000000070bd00000| Complete 
| 164|0x000000070be00000, 0x000000070bf00000, 0x000000070bf00000|100%| E|CS|TAMS 0x000000070be00000, 0x000000070be00000| Complete 
| 165|0x000000070bf00000, 0x000000070c000000, 0x000000070c000000|100%| E|CS|TAMS 0x000000070bf00000, 0x000000070bf00000| Complete 
| 166|0x000000070c000000, 0x000000070c100000, 0x000000070c100000|100%| E|CS|TAMS 0x000000070c000000, 0x000000070c000000| Complete 
| 167|0x000000070c100000, 0x000000070c200000, 0x000000070c200000|100%| E|CS|TAMS 0x000000070c100000, 0x000000070c100000| Complete 
| 168|0x000000070c200000, 0x000000070c300000, 0x000000070c300000|100%| E|CS|TAMS 0x000000070c200000, 0x000000070c200000| Complete 
| 169|0x000000070c300000, 0x000000070c400000, 0x000000070c400000|100%| E|CS|TAMS 0x000000070c300000, 0x000000070c300000| Complete 
| 170|0x000000070c400000, 0x000000070c500000, 0x000000070c500000|100%| E|CS|TAMS 0x000000070c400000, 0x000000070c400000| Complete 
| 171|0x000000070c500000, 0x000000070c600000, 0x000000070c600000|100%| E|CS|TAMS 0x000000070c500000, 0x000000070c500000| Complete 
| 172|0x000000070c600000, 0x000000070c700000, 0x000000070c700000|100%| E|CS|TAMS 0x000000070c600000, 0x000000070c600000| Complete 
| 173|0x000000070c700000, 0x000000070c800000, 0x000000070c800000|100%| E|CS|TAMS 0x000000070c700000, 0x000000070c700000| Complete 
| 174|0x000000070c800000, 0x000000070c900000, 0x000000070c900000|100%| E|CS|TAMS 0x000000070c800000, 0x000000070c800000| Complete 
| 175|0x000000070c900000, 0x000000070ca00000, 0x000000070ca00000|100%| E|CS|TAMS 0x000000070c900000, 0x000000070c900000| Complete 
| 176|0x000000070ca00000, 0x000000070cb00000, 0x000000070cb00000|100%| E|CS|TAMS 0x000000070ca00000, 0x000000070ca00000| Complete 
| 177|0x000000070cb00000, 0x000000070cc00000, 0x000000070cc00000|100%| E|CS|TAMS 0x000000070cb00000, 0x000000070cb00000| Complete 
| 178|0x000000070cc00000, 0x000000070cd00000, 0x000000070cd00000|100%| E|CS|TAMS 0x000000070cc00000, 0x000000070cc00000| Complete 
| 179|0x000000070cd00000, 0x000000070ce00000, 0x000000070ce00000|100%| E|CS|TAMS 0x000000070cd00000, 0x000000070cd00000| Complete 
| 180|0x000000070ce00000, 0x000000070cf00000, 0x000000070cf00000|100%| E|CS|TAMS 0x000000070ce00000, 0x000000070ce00000| Complete 
| 181|0x000000070cf00000, 0x000000070d000000, 0x000000070d000000|100%| E|CS|TAMS 0x000000070cf00000, 0x000000070cf00000| Complete 
| 182|0x000000070d000000, 0x000000070d100000, 0x000000070d100000|100%| E|CS|TAMS 0x000000070d000000, 0x000000070d000000| Complete 
| 183|0x000000070d100000, 0x000000070d200000, 0x000000070d200000|100%| E|CS|TAMS 0x000000070d100000, 0x000000070d100000| Complete 
| 184|0x000000070d200000, 0x000000070d300000, 0x000000070d300000|100%| E|CS|TAMS 0x000000070d200000, 0x000000070d200000| Complete 
| 185|0x000000070d300000, 0x000000070d400000, 0x000000070d400000|100%| E|CS|TAMS 0x000000070d300000, 0x000000070d300000| Complete 
| 186|0x000000070d400000, 0x000000070d500000, 0x000000070d500000|100%| E|CS|TAMS 0x000000070d400000, 0x000000070d400000| Complete 
| 187|0x000000070d500000, 0x000000070d600000, 0x000000070d600000|100%| E|CS|TAMS 0x000000070d500000, 0x000000070d500000| Complete 
| 188|0x000000070d600000, 0x000000070d700000, 0x000000070d700000|100%| E|CS|TAMS 0x000000070d600000, 0x000000070d600000| Complete 
| 189|0x000000070d700000, 0x000000070d800000, 0x000000070d800000|100%| E|CS|TAMS 0x000000070d700000, 0x000000070d700000| Complete 
| 190|0x000000070d800000, 0x000000070d900000, 0x000000070d900000|100%| E|CS|TAMS 0x000000070d800000, 0x000000070d800000| Complete 
| 191|0x000000070d900000, 0x000000070da00000, 0x000000070da00000|100%| E|CS|TAMS 0x000000070d900000, 0x000000070d900000| Complete 
| 192|0x000000070da00000, 0x000000070db00000, 0x000000070db00000|100%| E|CS|TAMS 0x000000070da00000, 0x000000070da00000| Complete 
| 193|0x000000070db00000, 0x000000070dc00000, 0x000000070dc00000|100%| E|CS|TAMS 0x000000070db00000, 0x000000070db00000| Complete 
| 194|0x000000070dc00000, 0x000000070dd00000, 0x000000070dd00000|100%| E|CS|TAMS 0x000000070dc00000, 0x000000070dc00000| Complete 
| 195|0x000000070dd00000, 0x000000070de00000, 0x000000070de00000|100%| E|CS|TAMS 0x000000070dd00000, 0x000000070dd00000| Complete 
| 196|0x000000070de00000, 0x000000070df00000, 0x000000070df00000|100%| E|CS|TAMS 0x000000070de00000, 0x000000070de00000| Complete 
| 197|0x000000070df00000, 0x000000070e000000, 0x000000070e000000|100%| E|CS|TAMS 0x000000070df00000, 0x000000070df00000| Complete 
| 198|0x000000070e000000, 0x000000070e100000, 0x000000070e100000|100%| E|CS|TAMS 0x000000070e000000, 0x000000070e000000| Complete 
| 199|0x000000070e100000, 0x000000070e200000, 0x000000070e200000|100%| E|CS|TAMS 0x000000070e100000, 0x000000070e100000| Complete 
| 200|0x000000070e200000, 0x000000070e300000, 0x000000070e300000|100%| E|CS|TAMS 0x000000070e200000, 0x000000070e200000| Complete 
| 201|0x000000070e300000, 0x000000070e400000, 0x000000070e400000|100%| E|CS|TAMS 0x000000070e300000, 0x000000070e300000| Complete 
| 202|0x000000070e400000, 0x000000070e500000, 0x000000070e500000|100%| E|CS|TAMS 0x000000070e400000, 0x000000070e400000| Complete 
| 203|0x000000070e500000, 0x000000070e600000, 0x000000070e600000|100%| E|CS|TAMS 0x000000070e500000, 0x000000070e500000| Complete 
| 204|0x000000070e600000, 0x000000070e700000, 0x000000070e700000|100%| E|CS|TAMS 0x000000070e600000, 0x000000070e600000| Complete 
| 205|0x000000070e700000, 0x000000070e800000, 0x000000070e800000|100%| E|CS|TAMS 0x000000070e700000, 0x000000070e700000| Complete 
| 206|0x000000070e800000, 0x000000070e900000, 0x000000070e900000|100%| E|CS|TAMS 0x000000070e800000, 0x000000070e800000| Complete 
| 207|0x000000070e900000, 0x000000070ea00000, 0x000000070ea00000|100%| E|CS|TAMS 0x000000070e900000, 0x000000070e900000| Complete 
| 208|0x000000070ea00000, 0x000000070eb00000, 0x000000070eb00000|100%| E|CS|TAMS 0x000000070ea00000, 0x000000070ea00000| Complete 
| 209|0x000000070eb00000, 0x000000070ec00000, 0x000000070ec00000|100%| E|CS|TAMS 0x000000070eb00000, 0x000000070eb00000| Complete 
| 210|0x000000070ec00000, 0x000000070ed00000, 0x000000070ed00000|100%| E|CS|TAMS 0x000000070ec00000, 0x000000070ec00000| Complete 
| 211|0x000000070ed00000, 0x000000070ee00000, 0x000000070ee00000|100%| E|CS|TAMS 0x000000070ed00000, 0x000000070ed00000| Complete 
| 212|0x000000070ee00000, 0x000000070ef00000, 0x000000070ef00000|100%| E|CS|TAMS 0x000000070ee00000, 0x000000070ee00000| Complete 
| 213|0x000000070ef00000, 0x000000070f000000, 0x000000070f000000|100%| E|CS|TAMS 0x000000070ef00000, 0x000000070ef00000| Complete 
| 214|0x000000070f000000, 0x000000070f100000, 0x000000070f100000|100%| E|CS|TAMS 0x000000070f000000, 0x000000070f000000| Complete 
| 215|0x000000070f100000, 0x000000070f200000, 0x000000070f200000|100%| E|CS|TAMS 0x000000070f100000, 0x000000070f100000| Complete 
| 216|0x000000070f200000, 0x000000070f300000, 0x000000070f300000|100%| E|CS|TAMS 0x000000070f200000, 0x000000070f200000| Complete 
| 217|0x000000070f300000, 0x000000070f400000, 0x000000070f400000|100%| E|CS|TAMS 0x000000070f300000, 0x000000070f300000| Complete 
| 218|0x000000070f400000, 0x000000070f500000, 0x000000070f500000|100%| E|CS|TAMS 0x000000070f400000, 0x000000070f400000| Complete 
| 219|0x000000070f500000, 0x000000070f600000, 0x000000070f600000|100%| E|CS|TAMS 0x000000070f500000, 0x000000070f500000| Complete 
| 220|0x000000070f600000, 0x000000070f700000, 0x000000070f700000|100%| E|CS|TAMS 0x000000070f600000, 0x000000070f600000| Complete 
| 221|0x000000070f700000, 0x000000070f800000, 0x000000070f800000|100%| E|CS|TAMS 0x000000070f700000, 0x000000070f700000| Complete 
| 222|0x000000070f800000, 0x000000070f900000, 0x000000070f900000|100%| E|CS|TAMS 0x000000070f800000, 0x000000070f800000| Complete 
| 223|0x000000070f900000, 0x000000070fa00000, 0x000000070fa00000|100%| E|CS|TAMS 0x000000070f900000, 0x000000070f900000| Complete 
| 224|0x000000070fa00000, 0x000000070fb00000, 0x000000070fb00000|100%| E|CS|TAMS 0x000000070fa00000, 0x000000070fa00000| Complete 
| 225|0x000000070fb00000, 0x000000070fc00000, 0x000000070fc00000|100%| E|CS|TAMS 0x000000070fb00000, 0x000000070fb00000| Complete 
| 226|0x000000070fc00000, 0x000000070fd00000, 0x000000070fd00000|100%| E|CS|TAMS 0x000000070fc00000, 0x000000070fc00000| Complete 
| 227|0x000000070fd00000, 0x000000070fe00000, 0x000000070fe00000|100%| E|CS|TAMS 0x000000070fd00000, 0x000000070fd00000| Complete 
| 228|0x000000070fe00000, 0x000000070ff00000, 0x000000070ff00000|100%| E|CS|TAMS 0x000000070fe00000, 0x000000070fe00000| Complete 
| 229|0x000000070ff00000, 0x0000000710000000, 0x0000000710000000|100%| E|CS|TAMS 0x000000070ff00000, 0x000000070ff00000| Complete 
| 230|0x0000000710000000, 0x0000000710100000, 0x0000000710100000|100%| E|CS|TAMS 0x0000000710000000, 0x0000000710000000| Complete 
| 231|0x0000000710100000, 0x0000000710200000, 0x0000000710200000|100%| E|CS|TAMS 0x0000000710100000, 0x0000000710100000| Complete 
| 232|0x0000000710200000, 0x0000000710300000, 0x0000000710300000|100%| E|CS|TAMS 0x0000000710200000, 0x0000000710200000| Complete 
| 233|0x0000000710300000, 0x0000000710400000, 0x0000000710400000|100%| E|CS|TAMS 0x0000000710300000, 0x0000000710300000| Complete 
| 234|0x0000000710400000, 0x0000000710500000, 0x0000000710500000|100%| E|CS|TAMS 0x0000000710400000, 0x0000000710400000| Complete 
| 235|0x0000000710500000, 0x0000000710600000, 0x0000000710600000|100%| E|CS|TAMS 0x0000000710500000, 0x0000000710500000| Complete 
| 236|0x0000000710600000, 0x0000000710700000, 0x0000000710700000|100%| E|CS|TAMS 0x0000000710600000, 0x0000000710600000| Complete 
| 237|0x0000000710700000, 0x0000000710800000, 0x0000000710800000|100%| E|CS|TAMS 0x0000000710700000, 0x0000000710700000| Complete 
| 238|0x0000000710800000, 0x0000000710900000, 0x0000000710900000|100%| E|CS|TAMS 0x0000000710800000, 0x0000000710800000| Complete 
| 239|0x0000000710900000, 0x0000000710a00000, 0x0000000710a00000|100%| E|CS|TAMS 0x0000000710900000, 0x0000000710900000| Complete 
| 240|0x0000000710a00000, 0x0000000710b00000, 0x0000000710b00000|100%| E|CS|TAMS 0x0000000710a00000, 0x0000000710a00000| Complete 
| 241|0x0000000710b00000, 0x0000000710c00000, 0x0000000710c00000|100%| E|CS|TAMS 0x0000000710b00000, 0x0000000710b00000| Complete 
| 242|0x0000000710c00000, 0x0000000710d00000, 0x0000000710d00000|100%| E|CS|TAMS 0x0000000710c00000, 0x0000000710c00000| Complete 
| 243|0x0000000710d00000, 0x0000000710e00000, 0x0000000710e00000|100%| E|CS|TAMS 0x0000000710d00000, 0x0000000710d00000| Complete 
| 244|0x0000000710e00000, 0x0000000710f00000, 0x0000000710f00000|100%| E|CS|TAMS 0x0000000710e00000, 0x0000000710e00000| Complete 
| 245|0x0000000710f00000, 0x0000000711000000, 0x0000000711000000|100%| E|CS|TAMS 0x0000000710f00000, 0x0000000710f00000| Complete 
| 246|0x0000000711000000, 0x0000000711100000, 0x0000000711100000|100%| E|CS|TAMS 0x0000000711000000, 0x0000000711000000| Complete 
| 247|0x0000000711100000, 0x0000000711200000, 0x0000000711200000|100%| E|CS|TAMS 0x0000000711100000, 0x0000000711100000| Complete 
| 248|0x0000000711200000, 0x0000000711300000, 0x0000000711300000|100%| E|CS|TAMS 0x0000000711200000, 0x0000000711200000| Complete 
| 249|0x0000000711300000, 0x0000000711400000, 0x0000000711400000|100%| E|CS|TAMS 0x0000000711300000, 0x0000000711300000| Complete 
| 250|0x0000000711400000, 0x0000000711500000, 0x0000000711500000|100%| E|CS|TAMS 0x0000000711400000, 0x0000000711400000| Complete 
| 251|0x0000000711500000, 0x0000000711600000, 0x0000000711600000|100%| E|CS|TAMS 0x0000000711500000, 0x0000000711500000| Complete 
| 252|0x0000000711600000, 0x0000000711700000, 0x0000000711700000|100%| E|CS|TAMS 0x0000000711600000, 0x0000000711600000| Complete 
| 253|0x0000000711700000, 0x0000000711800000, 0x0000000711800000|100%| E|CS|TAMS 0x0000000711700000, 0x0000000711700000| Complete 
| 254|0x0000000711800000, 0x0000000711900000, 0x0000000711900000|100%| E|CS|TAMS 0x0000000711800000, 0x0000000711800000| Complete 
| 255|0x0000000711900000, 0x0000000711a00000, 0x0000000711a00000|100%| E|CS|TAMS 0x0000000711900000, 0x0000000711900000| Complete 
| 256|0x0000000711a00000, 0x0000000711b00000, 0x0000000711b00000|100%| E|CS|TAMS 0x0000000711a00000, 0x0000000711a00000| Complete 
| 257|0x0000000711b00000, 0x0000000711c00000, 0x0000000711c00000|100%| E|CS|TAMS 0x0000000711b00000, 0x0000000711b00000| Complete 
| 258|0x0000000711c00000, 0x0000000711d00000, 0x0000000711d00000|100%| E|CS|TAMS 0x0000000711c00000, 0x0000000711c00000| Complete 
| 259|0x0000000711d00000, 0x0000000711e00000, 0x0000000711e00000|100%| E|CS|TAMS 0x0000000711d00000, 0x0000000711d00000| Complete 
| 260|0x0000000711e00000, 0x0000000711f00000, 0x0000000711f00000|100%| E|CS|TAMS 0x0000000711e00000, 0x0000000711e00000| Complete 
| 261|0x0000000711f00000, 0x0000000712000000, 0x0000000712000000|100%| E|CS|TAMS 0x0000000711f00000, 0x0000000711f00000| Complete 
| 262|0x0000000712000000, 0x0000000712100000, 0x0000000712100000|100%| E|CS|TAMS 0x0000000712000000, 0x0000000712000000| Complete 
| 263|0x0000000712100000, 0x0000000712200000, 0x0000000712200000|100%| E|CS|TAMS 0x0000000712100000, 0x0000000712100000| Complete 
| 264|0x0000000712200000, 0x0000000712300000, 0x0000000712300000|100%| E|CS|TAMS 0x0000000712200000, 0x0000000712200000| Complete 
| 265|0x0000000712300000, 0x0000000712400000, 0x0000000712400000|100%| E|CS|TAMS 0x0000000712300000, 0x0000000712300000| Complete 
| 266|0x0000000712400000, 0x0000000712500000, 0x0000000712500000|100%| E|CS|TAMS 0x0000000712400000, 0x0000000712400000| Complete 
| 267|0x0000000712500000, 0x0000000712600000, 0x0000000712600000|100%| E|CS|TAMS 0x0000000712500000, 0x0000000712500000| Complete 
| 268|0x0000000712600000, 0x0000000712700000, 0x0000000712700000|100%| E|CS|TAMS 0x0000000712600000, 0x0000000712600000| Complete 
| 269|0x0000000712700000, 0x0000000712800000, 0x0000000712800000|100%| E|CS|TAMS 0x0000000712700000, 0x0000000712700000| Complete 
| 270|0x0000000712800000, 0x0000000712900000, 0x0000000712900000|100%| E|CS|TAMS 0x0000000712800000, 0x0000000712800000| Complete 
| 271|0x0000000712900000, 0x0000000712a00000, 0x0000000712a00000|100%| E|CS|TAMS 0x0000000712900000, 0x0000000712900000| Complete 
| 272|0x0000000712a00000, 0x0000000712b00000, 0x0000000712b00000|100%| E|CS|TAMS 0x0000000712a00000, 0x0000000712a00000| Complete 
| 273|0x0000000712b00000, 0x0000000712c00000, 0x0000000712c00000|100%| E|CS|TAMS 0x0000000712b00000, 0x0000000712b00000| Complete 
| 274|0x0000000712c00000, 0x0000000712d00000, 0x0000000712d00000|100%| E|CS|TAMS 0x0000000712c00000, 0x0000000712c00000| Complete 
| 275|0x0000000712d00000, 0x0000000712e00000, 0x0000000712e00000|100%| E|CS|TAMS 0x0000000712d00000, 0x0000000712d00000| Complete 
| 276|0x0000000712e00000, 0x0000000712f00000, 0x0000000712f00000|100%| E|CS|TAMS 0x0000000712e00000, 0x0000000712e00000| Complete 
| 277|0x0000000712f00000, 0x0000000713000000, 0x0000000713000000|100%| E|CS|TAMS 0x0000000712f00000, 0x0000000712f00000| Complete 
| 278|0x0000000713000000, 0x0000000713100000, 0x0000000713100000|100%| E|CS|TAMS 0x0000000713000000, 0x0000000713000000| Complete 
| 279|0x0000000713100000, 0x0000000713200000, 0x0000000713200000|100%| E|CS|TAMS 0x0000000713100000, 0x0000000713100000| Complete 
| 280|0x0000000713200000, 0x0000000713300000, 0x0000000713300000|100%| E|CS|TAMS 0x0000000713200000, 0x0000000713200000| Complete 
| 281|0x0000000713300000, 0x0000000713400000, 0x0000000713400000|100%| E|CS|TAMS 0x0000000713300000, 0x0000000713300000| Complete 
| 282|0x0000000713400000, 0x0000000713500000, 0x0000000713500000|100%| E|CS|TAMS 0x0000000713400000, 0x0000000713400000| Complete 
| 283|0x0000000713500000, 0x0000000713600000, 0x0000000713600000|100%| E|CS|TAMS 0x0000000713500000, 0x0000000713500000| Complete 
| 284|0x0000000713600000, 0x0000000713700000, 0x0000000713700000|100%| E|CS|TAMS 0x0000000713600000, 0x0000000713600000| Complete 
| 285|0x0000000713700000, 0x0000000713800000, 0x0000000713800000|100%| E|CS|TAMS 0x0000000713700000, 0x0000000713700000| Complete 
| 286|0x0000000713800000, 0x0000000713900000, 0x0000000713900000|100%| E|CS|TAMS 0x0000000713800000, 0x0000000713800000| Complete 
| 287|0x0000000713900000, 0x0000000713a00000, 0x0000000713a00000|100%| E|CS|TAMS 0x0000000713900000, 0x0000000713900000| Complete 
| 288|0x0000000713a00000, 0x0000000713b00000, 0x0000000713b00000|100%| E|CS|TAMS 0x0000000713a00000, 0x0000000713a00000| Complete 
| 289|0x0000000713b00000, 0x0000000713c00000, 0x0000000713c00000|100%| E|CS|TAMS 0x0000000713b00000, 0x0000000713b00000| Complete 
| 290|0x0000000713c00000, 0x0000000713d00000, 0x0000000713d00000|100%| E|CS|TAMS 0x0000000713c00000, 0x0000000713c00000| Complete 
| 291|0x0000000713d00000, 0x0000000713e00000, 0x0000000713e00000|100%| E|CS|TAMS 0x0000000713d00000, 0x0000000713d00000| Complete 
| 292|0x0000000713e00000, 0x0000000713f00000, 0x0000000713f00000|100%| E|CS|TAMS 0x0000000713e00000, 0x0000000713e00000| Complete 
| 293|0x0000000713f00000, 0x0000000714000000, 0x0000000714000000|100%| E|CS|TAMS 0x0000000713f00000, 0x0000000713f00000| Complete 
| 294|0x0000000714000000, 0x0000000714100000, 0x0000000714100000|100%| E|CS|TAMS 0x0000000714000000, 0x0000000714000000| Complete 
| 295|0x0000000714100000, 0x0000000714200000, 0x0000000714200000|100%| E|CS|TAMS 0x0000000714100000, 0x0000000714100000| Complete 
| 296|0x0000000714200000, 0x0000000714300000, 0x0000000714300000|100%| E|CS|TAMS 0x0000000714200000, 0x0000000714200000| Complete 
| 297|0x0000000714300000, 0x0000000714400000, 0x0000000714400000|100%| E|CS|TAMS 0x0000000714300000, 0x0000000714300000| Complete 
| 298|0x0000000714400000, 0x0000000714500000, 0x0000000714500000|100%| E|CS|TAMS 0x0000000714400000, 0x0000000714400000| Complete 
| 299|0x0000000714500000, 0x0000000714600000, 0x0000000714600000|100%| E|CS|TAMS 0x0000000714500000, 0x0000000714500000| Complete 
| 300|0x0000000714600000, 0x0000000714700000, 0x0000000714700000|100%| E|CS|TAMS 0x0000000714600000, 0x0000000714600000| Complete 
| 301|0x0000000714700000, 0x0000000714800000, 0x0000000714800000|100%| E|CS|TAMS 0x0000000714700000, 0x0000000714700000| Complete 
| 302|0x0000000714800000, 0x0000000714900000, 0x0000000714900000|100%| E|CS|TAMS 0x0000000714800000, 0x0000000714800000| Complete 
| 303|0x0000000714900000, 0x0000000714a00000, 0x0000000714a00000|100%| E|CS|TAMS 0x0000000714900000, 0x0000000714900000| Complete 
| 304|0x0000000714a00000, 0x0000000714b00000, 0x0000000714b00000|100%| E|CS|TAMS 0x0000000714a00000, 0x0000000714a00000| Complete 
| 305|0x0000000714b00000, 0x0000000714c00000, 0x0000000714c00000|100%| E|CS|TAMS 0x0000000714b00000, 0x0000000714b00000| Complete 
| 306|0x0000000714c00000, 0x0000000714d00000, 0x0000000714d00000|100%| E|CS|TAMS 0x0000000714c00000, 0x0000000714c00000| Complete 
| 307|0x0000000714d00000, 0x0000000714e00000, 0x0000000714e00000|100%| E|CS|TAMS 0x0000000714d00000, 0x0000000714d00000| Complete 

Card table byte_map: [0x0000019475be0000,0x00000194763e0000] _byte_map_base: 0x00000194723d3000

Marking Bits (Prev, Next): (CMBitMap*) 0x000001945db008b8, (CMBitMap*) 0x000001945db008f8
 Prev Bits: [0x0000019476be0000, 0x000001947ab78000)
 Next Bits: [0x000001947ab80000, 0x000001947eb18000)

Polling page: 0x000001945b9a0000

Metaspace:

Usage:
  Non-class:      6.26 MB capacity,     3.70 MB ( 59%) used,     2.56 MB ( 41%) free+waste,     6.00 KB ( <1%) overhead. 
      Class:    584.00 KB capacity,   289.14 KB ( 50%) used,   292.30 KB ( 50%) free+waste,     2.56 KB ( <1%) overhead. 
       Both:      6.83 MB capacity,     3.98 MB ( 58%) used,     2.84 MB ( 42%) free+waste,     8.56 KB ( <1%) overhead. 

Virtual space:
  Non-class space:        8.00 MB reserved,       6.50 MB ( 81%) committed 
      Class space:        1.00 GB reserved,     640.00 KB ( <1%) committed 
             Both:        1.01 GB reserved,       7.13 MB ( <1%) committed 

Chunk freelists:
   Non-Class:  53.00 KB
       Class:  0 bytes
        Both:  53.00 KB

MaxMetaspaceSize: 17179869184.00 GB
CompressedClassSpaceSize: 1.00 GB

CodeHeap 'non-profiled nmethods': size=120000Kb used=1161Kb max_used=1161Kb free=118838Kb
 bounds [0x000001946da70000, 0x000001946dce0000, 0x0000019474fa0000]
CodeHeap 'profiled nmethods': size=120000Kb used=1393Kb max_used=1825Kb free=118606Kb
 bounds [0x0000019466540000, 0x00000194667b0000, 0x000001946da70000]
CodeHeap 'non-nmethods': size=5760Kb used=1160Kb max_used=1205Kb free=4600Kb
 bounds [0x0000019465fa0000, 0x0000019466210000, 0x0000019466540000]
 total_blobs=2488 nmethods=898 adapters=318
 compilation: enabled
              stopped_count=0, restarted_count=0
 full_count=0

Compilation events (20 events):
Event: 1066.401 Thread 0x00000194020e6800 1170       3       java.lang.AbstractStringBuilder::appendChars (130 bytes)
Event: 1066.403 Thread 0x000001947f6ac000 1173       4       com.google.protobuf.RepeatedFieldBuilderV3::addBuilder (57 bytes)
Event: 1066.403 Thread 0x00000194020e6800 nmethod 1170 0x00000194666b7390 code [0x00000194666b7600, 0x00000194666b8190]
Event: 1066.403 Thread 0x00000194020e6800 1171       3       java.lang.AbstractStringBuilder::append (33 bytes)
Event: 1066.403 Thread 0x00000194020e6800 nmethod 1171 0x0000019466626210 code [0x00000194666263e0, 0x0000019466626650]
Event: 1066.403 Thread 0x00000194020e6800 1172       3       jdk.internal.math.FloatingDecimal$BinaryToASCIIBuffer::appendTo (72 bytes)
Event: 1066.404 Thread 0x00000194020e6800 nmethod 1172 0x00000194665d6a10 code [0x00000194665d6c20, 0x00000194665d7650]
Event: 1066.441 Thread 0x000001947f6ac000 nmethod 1173 0x000001946db8e290 code [0x000001946db8e4e0, 0x000001946db90018]
Event: 1066.441 Thread 0x000001947f6ac000 1174       4       com.google.protobuf.RepeatedFieldBuilderV3::ensureBuilders (60 bytes)
Event: 1066.441 Thread 0x000001940327c000 1175       4       com.google.protobuf.RepeatedFieldBuilderV3::incrementModCounts (43 bytes)
Event: 1066.441 Thread 0x0000019402d07000 1176       4       com.google.protobuf.GeneratedMessageV3::newBuilderForType (14 bytes)
Event: 1066.442 Thread 0x000001940327c000 nmethod 1175 0x000001946daae910 code [0x000001946daaeaa0, 0x000001946daaeb58]
Event: 1066.442 Thread 0x000001940327c000 1177       4       com.google.protobuf.GeneratedMessageV3$1::markDirty (10 bytes)
Event: 1066.442 Thread 0x0000019402d07000 nmethod 1176 0x000001946db90a10 code [0x000001946db90ba0, 0x000001946db90cb8]
Event: 1066.442 Thread 0x0000019402d07000 1178       4       com.google.protobuf.SingleFieldBuilderV3::markDirty (5 bytes)
Event: 1066.444 Thread 0x0000019402d07000 nmethod 1178 0x000001946db90d90 code [0x000001946db90f20, 0x000001946db910a8]
Event: 1066.444 Thread 0x000001940327c000 nmethod 1177 0x000001946db91210 code [0x000001946db913c0, 0x000001946db91568]
Event: 1066.444 Thread 0x0000019402d07000 1179       4       com.google.protobuf.SingleFieldBuilderV3::onChanged (41 bytes)
Event: 1066.445 Thread 0x0000019402d07000 nmethod 1179 0x000001946db91710 code [0x000001946db918a0, 0x000001946db91a28]
Event: 1066.448 Thread 0x000001947f6ac000 nmethod 1174 0x000001946db91b90 code [0x000001946db91d40, 0x000001946db92258]

GC Heap History (20 events):
Event: 1062.861 GC heap before
{Heap before GC invocations=3352 (full 0):
 garbage-first heap   total 315392K, used 199916K [0x0000000701a00000, 0x0000000800000000)
  region size 1024K, 184 young (188416K), 1 survivors (1024K)
 Metaspace       used 4072K, capacity 6995K, committed 7296K, reserved 1056768K
  class space    used 289K, capacity 584K, committed 640K, reserved 1048576K
}
Event: 1062.862 GC heap after
{Heap after GC invocations=3353 (full 0):
 garbage-first heap   total 315392K, used 12434K [0x0000000701a00000, 0x0000000800000000)
  region size 1024K, 1 young (1024K), 1 survivors (1024K)
 Metaspace       used 4072K, capacity 6995K, committed 7296K, reserved 1056768K
  class space    used 289K, capacity 584K, committed 640K, reserved 1048576K
}
Event: 1063.199 GC heap before
{Heap before GC invocations=3353 (full 0):
 garbage-first heap   total 315392K, used 199826K [0x0000000701a00000, 0x0000000800000000)
  region size 1024K, 184 young (188416K), 1 survivors (1024K)
 Metaspace       used 4072K, capacity 6995K, committed 7296K, reserved 1056768K
  class space    used 289K, capacity 584K, committed 640K, reserved 1048576K
}
Event: 1063.200 GC heap after
{Heap after GC invocations=3354 (full 0):
 garbage-first heap   total 315392K, used 12606K [0x0000000701a00000, 0x0000000800000000)
  region size 1024K, 1 young (1024K), 1 survivors (1024K)
 Metaspace       used 4072K, capacity 6995K, committed 7296K, reserved 1056768K
  class space    used 289K, capacity 584K, committed 640K, reserved 1048576K
}
Event: 1063.557 GC heap before
{Heap before GC invocations=3354 (full 0):
 garbage-first heap   total 315392K, used 199998K [0x0000000701a00000, 0x0000000800000000)
  region size 1024K, 184 young (188416K), 1 survivors (1024K)
 Metaspace       used 4072K, capacity 6995K, committed 7296K, reserved 1056768K
  class space    used 289K, capacity 584K, committed 640K, reserved 1048576K
}
Event: 1063.558 GC heap after
{Heap after GC invocations=3355 (full 0):
 garbage-first heap   total 315392K, used 12327K [0x0000000701a00000, 0x0000000800000000)
  region size 1024K, 1 young (1024K), 1 survivors (1024K)
 Metaspace       used 4072K, capacity 6995K, committed 7296K, reserved 1056768K
  class space    used 289K, capacity 584K, committed 640K, reserved 1048576K
}
Event: 1063.886 GC heap before
{Heap before GC invocations=3355 (full 0):
 garbage-first heap   total 315392K, used 199719K [0x0000000701a00000, 0x0000000800000000)
  region size 1024K, 184 young (188416K), 1 survivors (1024K)
 Metaspace       used 4072K, capacity 6995K, committed 7296K, reserved 1056768K
  class space    used 289K, capacity 584K, committed 640K, reserved 1048576K
}
Event: 1063.888 GC heap after
{Heap after GC invocations=3356 (full 0):
 garbage-first heap   total 315392K, used 12466K [0x0000000701a00000, 0x0000000800000000)
  region size 1024K, 1 young (1024K), 1 survivors (1024K)
 Metaspace       used 4072K, capacity 6995K, committed 7296K, reserved 1056768K
  class space    used 289K, capacity 584K, committed 640K, reserved 1048576K
}
Event: 1064.223 GC heap before
{Heap before GC invocations=3356 (full 0):
 garbage-first heap   total 315392K, used 199858K [0x0000000701a00000, 0x0000000800000000)
  region size 1024K, 184 young (188416K), 1 survivors (1024K)
 Metaspace       used 4072K, capacity 6995K, committed 7296K, reserved 1056768K
  class space    used 289K, capacity 584K, committed 640K, reserved 1048576K
}
Event: 1064.225 GC heap after
{Heap after GC invocations=3357 (full 0):
 garbage-first heap   total 315392K, used 12322K [0x0000000701a00000, 0x0000000800000000)
  region size 1024K, 1 young (1024K), 1 survivors (1024K)
 Metaspace       used 4072K, capacity 6995K, committed 7296K, reserved 1056768K
  class space    used 289K, capacity 584K, committed 640K, reserved 1048576K
}
Event: 1064.603 GC heap before
{Heap before GC invocations=3357 (full 0):
 garbage-first heap   total 315392K, used 199714K [0x0000000701a00000, 0x0000000800000000)
  region size 1024K, 184 young (188416K), 1 survivors (1024K)
 Metaspace       used 4072K, capacity 6995K, committed 7296K, reserved 1056768K
  class space    used 289K, capacity 584K, committed 640K, reserved 1048576K
}
Event: 1064.604 GC heap after
{Heap after GC invocations=3358 (full 0):
 garbage-first heap   total 315392K, used 12385K [0x0000000701a00000, 0x0000000800000000)
  region size 1024K, 1 young (1024K), 1 survivors (1024K)
 Metaspace       used 4072K, capacity 6995K, committed 7296K, reserved 1056768K
  class space    used 289K, capacity 584K, committed 640K, reserved 1048576K
}
Event: 1064.991 GC heap before
{Heap before GC invocations=3358 (full 0):
 garbage-first heap   total 315392K, used 199777K [0x0000000701a00000, 0x0000000800000000)
  region size 1024K, 184 young (188416K), 1 survivors (1024K)
 Metaspace       used 4072K, capacity 6995K, committed 7296K, reserved 1056768K
  class space    used 289K, capacity 584K, committed 640K, reserved 1048576K
}
Event: 1064.992 GC heap after
{Heap after GC invocations=3359 (full 0):
 garbage-first heap   total 315392K, used 12453K [0x0000000701a00000, 0x0000000800000000)
  region size 1024K, 1 young (1024K), 1 survivors (1024K)
 Metaspace       used 4072K, capacity 6995K, committed 7296K, reserved 1056768K
  class space    used 289K, capacity 584K, committed 640K, reserved 1048576K
}
Event: 1065.365 GC heap before
{Heap before GC invocations=3359 (full 0):
 garbage-first heap   total 315392K, used 199845K [0x0000000701a00000, 0x0000000800000000)
  region size 1024K, 184 young (188416K), 1 survivors (1024K)
 Metaspace       used 4072K, capacity 6995K, committed 7296K, reserved 1056768K
  class space    used 289K, capacity 584K, committed 640K, reserved 1048576K
}
Event: 1065.366 GC heap after
{Heap after GC invocations=3360 (full 0):
 garbage-first heap   total 315392K, used 12460K [0x0000000701a00000, 0x0000000800000000)
  region size 1024K, 1 young (1024K), 1 survivors (1024K)
 Metaspace       used 4072K, capacity 6995K, committed 7296K, reserved 1056768K
  class space    used 289K, capacity 584K, committed 640K, reserved 1048576K
}
Event: 1065.737 GC heap before
{Heap before GC invocations=3360 (full 0):
 garbage-first heap   total 315392K, used 199852K [0x0000000701a00000, 0x0000000800000000)
  region size 1024K, 184 young (188416K), 1 survivors (1024K)
 Metaspace       used 4072K, capacity 6995K, committed 7296K, reserved 1056768K
  class space    used 289K, capacity 584K, committed 640K, reserved 1048576K
}
Event: 1065.737 GC heap after
{Heap after GC invocations=3361 (full 0):
 garbage-first heap   total 315392K, used 12196K [0x0000000701a00000, 0x0000000800000000)
  region size 1024K, 1 young (1024K), 1 survivors (1024K)
 Metaspace       used 4072K, capacity 6995K, committed 7296K, reserved 1056768K
  class space    used 289K, capacity 584K, committed 640K, reserved 1048576K
}
Event: 1066.098 GC heap before
{Heap before GC invocations=3361 (full 0):
 garbage-first heap   total 315392K, used 199588K [0x0000000701a00000, 0x0000000800000000)
  region size 1024K, 184 young (188416K), 1 survivors (1024K)
 Metaspace       used 4072K, capacity 6995K, committed 7296K, reserved 1056768K
  class space    used 289K, capacity 584K, committed 640K, reserved 1048576K
}
Event: 1066.099 GC heap after
{Heap after GC invocations=3362 (full 0):
 garbage-first heap   total 315392K, used 12269K [0x0000000701a00000, 0x0000000800000000)
  region size 1024K, 1 young (1024K), 1 survivors (1024K)
 Metaspace       used 4072K, capacity 6995K, committed 7296K, reserved 1056768K
  class space    used 289K, capacity 584K, committed 640K, reserved 1048576K
}

Deoptimization events (20 events):
Event: 674.497 Thread 0x000001945da96000 DEOPT PACKING pc=0x00000194665ee28f sp=0x000000321d7feea0
Event: 674.497 Thread 0x000001945da96000 DEOPT UNPACKING pc=0x0000019465fe964e sp=0x000000321d7fe440 mode 0
Event: 674.498 Thread 0x000001945da96000 DEOPT PACKING pc=0x00000194665ee28f sp=0x000000321d7feea0
Event: 674.498 Thread 0x000001945da96000 DEOPT UNPACKING pc=0x0000019465fe964e sp=0x000000321d7fe440 mode 0
Event: 674.498 Thread 0x000001945da96000 DEOPT PACKING pc=0x00000194665ee28f sp=0x000000321d7feea0
Event: 674.498 Thread 0x000001945da96000 DEOPT UNPACKING pc=0x0000019465fe964e sp=0x000000321d7fe440 mode 0
Event: 674.511 Thread 0x000001945da96000 Uncommon trap: trap_request=0xffffff45 fr.pc=0x000001946daaf1a0 relative=0x00000000000006a0
Event: 674.511 Thread 0x000001945da96000 Uncommon trap: reason=unstable_if action=reinterpret pc=0x000001946daaf1a0 method=java.util.HashMap.getNode(ILjava/lang/Object;)Ljava/util/HashMap$Node; @ 129 c2
Event: 674.511 Thread 0x000001945da96000 DEOPT PACKING pc=0x000001946daaf1a0 sp=0x000000321d7ff3c0
Event: 674.511 Thread 0x000001945da96000 DEOPT UNPACKING pc=0x0000019465fe912f sp=0x000000321d7ff340 mode 2
Event: 675.798 Thread 0x000001945da96000 Uncommon trap: trap_request=0xffffffbe fr.pc=0x000001946db5ef2c relative=0x000000000000708c
Event: 675.798 Thread 0x000001945da96000 Uncommon trap: reason=profile_predicate action=maybe_recompile pc=0x000001946db5ef2c method=java.util.AbstractCollection.toArray()[Ljava/lang/Object; @ 18 c2
Event: 675.798 Thread 0x000001945da96000 DEOPT PACKING pc=0x000001946db5ef2c sp=0x000000321d7ff3b0
Event: 675.798 Thread 0x000001945da96000 DEOPT UNPACKING pc=0x0000019465fe912f sp=0x000000321d7ff300 mode 2
Event: 675.848 Thread 0x000001945da96000 DEOPT PACKING pc=0x00000194665bddb4 sp=0x000000321d7ff2e0
Event: 675.848 Thread 0x000001945da96000 DEOPT UNPACKING pc=0x0000019465fe964e sp=0x000000321d7fe8f0 mode 0
Event: 889.064 Thread 0x000001945da96000 DEOPT PACKING pc=0x00000194665ee28f sp=0x000000321d7feea0
Event: 889.064 Thread 0x000001945da96000 DEOPT UNPACKING pc=0x0000019465fe964e sp=0x000000321d7fe440 mode 0
Event: 889.496 Thread 0x000001945da96000 DEOPT PACKING pc=0x0000019466657139 sp=0x000000321d7ff390
Event: 889.496 Thread 0x000001945da96000 DEOPT UNPACKING pc=0x0000019465fe964e sp=0x000000321d7fe8f0 mode 0

Classes unloaded (0 events):
No events

Classes redefined (0 events):
No events

Internal exceptions (1 events):
Event: 2.719 Thread 0x000001945da96000 Implicit null exception at 0x000001946dabdbe3 to 0x000001946dabdf6e

Events (20 events):
Event: 1066.098 Executing VM operation: G1CollectForAllocation
Event: 1066.099 Executing VM operation: G1CollectForAllocation done
Event: 1066.391 Executing VM operation: HandshakeAllThreads
Event: 1066.391 Executing VM operation: HandshakeAllThreads done
Event: 1066.392 Thread 0x00000194020e8800 flushing nmethod 0x000001946daae910
Event: 1066.392 Thread 0x00000194020e8800 flushing nmethod 0x0000019466553a90
Event: 1066.392 Thread 0x00000194020e8800 flushing nmethod 0x0000019466567390
Event: 1066.392 Thread 0x00000194020e8800 flushing nmethod 0x0000019466582890
Event: 1066.392 Thread 0x00000194020e8800 flushing nmethod 0x000001946658a210
Event: 1066.392 Thread 0x00000194020e8800 flushing nmethod 0x000001946658ba10
Event: 1066.392 Thread 0x00000194020e8800 flushing nmethod 0x00000194665b2590
Event: 1066.392 Thread 0x00000194020e8800 flushing nmethod 0x00000194665d6a10
Event: 1066.392 Thread 0x00000194020e8800 flushing nmethod 0x00000194665d6f10
Event: 1066.392 Thread 0x00000194020e8800 flushing nmethod 0x00000194665d8790
Event: 1066.392 Thread 0x00000194020e8800 flushing nmethod 0x00000194665d8b90
Event: 1066.392 Thread 0x00000194020e8800 flushing nmethod 0x0000019466626210
Event: 1066.392 Thread 0x00000194020e8800 flushing nmethod 0x0000019466658b90
Event: 1066.392 Thread 0x00000194020e8800 flushing nmethod 0x0000019466688810
Event: 1066.441 Thread 0x000001940327c000 Thread added: 0x000001940327c000
Event: 1066.441 Thread 0x0000019402d07000 Thread added: 0x0000019402d07000


Dynamic libraries:
0x00007ff7b39c0000 - 0x00007ff7b39cf000 	E:\Program Files\Java\jdk-13.0.1\bin\java.exe
0x00007ff89faf0000 - 0x00007ff89fce5000 	C:\WINDOWS\SYSTEM32\ntdll.dll
0x00007ff89ea70000 - 0x00007ff89eb2d000 	C:\WINDOWS\System32\KERNEL32.DLL
0x00007ff89d680000 - 0x00007ff89d949000 	C:\WINDOWS\System32\KERNELBASE.dll
0x00007ff89d950000 - 0x00007ff89da50000 	C:\WINDOWS\System32\ucrtbase.dll
0x00007ff8961e0000 - 0x00007ff8961f5000 	E:\Program Files\Java\jdk-13.0.1\bin\VCRUNTIME140.dll
0x00007ff896950000 - 0x00007ff896968000 	E:\Program Files\Java\jdk-13.0.1\bin\jli.dll
0x00007ff89f200000 - 0x00007ff89f2ac000 	C:\WINDOWS\System32\ADVAPI32.dll
0x00007ff89dd20000 - 0x00007ff89ddbe000 	C:\WINDOWS\System32\msvcrt.dll
0x00007ff89df10000 - 0x00007ff89dfab000 	C:\WINDOWS\System32\sechost.dll
0x00007ff89e240000 - 0x00007ff89e36a000 	C:\WINDOWS\System32\RPCRT4.dll
0x00007ff89e010000 - 0x00007ff89e1b0000 	C:\WINDOWS\System32\USER32.dll
0x00007ff89d650000 - 0x00007ff89d672000 	C:\WINDOWS\System32\win32u.dll
0x00007ff89c630000 - 0x00007ff89c8ca000 	C:\WINDOWS\WinSxS\amd64_microsoft.windows.common-controls_6595b64144ccf1df_6.0.19041.1110_none_60b5254171f9507e\COMCTL32.dll
0x00007ff89e370000 - 0x00007ff89e39a000 	C:\WINDOWS\System32\GDI32.dll
0x00007ff89d220000 - 0x00007ff89d32b000 	C:\WINDOWS\System32\gdi32full.dll
0x00007ff89d520000 - 0x00007ff89d5bd000 	C:\WINDOWS\System32\msvcp_win.dll
0x00007ff894430000 - 0x00007ff89443a000 	C:\WINDOWS\SYSTEM32\VERSION.dll
0x00007ff89db50000 - 0x00007ff89db80000 	C:\WINDOWS\System32\IMM32.DLL
0x00007ff878080000 - 0x00007ff87811b000 	E:\Program Files\Java\jdk-13.0.1\bin\msvcp140.dll
0x00007ff8218f0000 - 0x00007ff822456000 	E:\Program Files\Java\jdk-13.0.1\bin\server\jvm.dll
0x00007ff89f2b0000 - 0x00007ff89f2b8000 	C:\WINDOWS\System32\PSAPI.DLL
0x00007ff877190000 - 0x00007ff877199000 	C:\WINDOWS\SYSTEM32\WSOCK32.dll
0x00007ff88cc00000 - 0x00007ff88cc27000 	C:\WINDOWS\SYSTEM32\WINMM.dll
0x00007ff89db80000 - 0x00007ff89dbeb000 	C:\WINDOWS\System32\WS2_32.dll
0x00007ff89b4b0000 - 0x00007ff89b4c2000 	C:\WINDOWS\SYSTEM32\kernel.appcore.dll
0x00007ff8961d0000 - 0x00007ff8961e0000 	E:\Program Files\Java\jdk-13.0.1\bin\verify.dll
0x00007ff89cc40000 - 0x00007ff89ce24000 	C:\WINDOWS\SYSTEM32\DBGHELP.DLL
0x00007ff89c9f0000 - 0x00007ff89ca1c000 	C:\WINDOWS\SYSTEM32\dbgcore.DLL
0x00007ff89d490000 - 0x00007ff89d513000 	C:\WINDOWS\System32\bcryptPrimitives.dll
0x00007ff87a930000 - 0x00007ff87a956000 	E:\Program Files\Java\jdk-13.0.1\bin\java.dll
0x00007ff8785c0000 - 0x00007ff8785ce000 	E:\Program Files\Java\jdk-13.0.1\bin\instrument.dll
0x00007ff87a280000 - 0x00007ff87a297000 	E:\Program Files\Java\jdk-13.0.1\bin\zip.dll
0x00007ff87a8c0000 - 0x00007ff87a8ca000 	E:\Program Files\Java\jdk-13.0.1\bin\jimage.dll
0x00007ff89f2c0000 - 0x00007ff89f9ff000 	C:\WINDOWS\System32\SHELL32.dll
0x00007ff89abe0000 - 0x00007ff89b370000 	C:\WINDOWS\SYSTEM32\windows.storage.dll
0x00007ff89eb30000 - 0x00007ff89ee85000 	C:\WINDOWS\System32\combase.dll
0x00007ff89c590000 - 0x00007ff89c5bc000 	C:\WINDOWS\SYSTEM32\Wldp.dll
0x00007ff89fa00000 - 0x00007ff89faae000 	C:\WINDOWS\System32\SHCORE.dll
0x00007ff89deb0000 - 0x00007ff89df05000 	C:\WINDOWS\System32\shlwapi.dll
0x00007ff89d160000 - 0x00007ff89d17f000 	C:\WINDOWS\SYSTEM32\profapi.dll
0x00007ff878760000 - 0x00007ff878779000 	E:\Program Files\Java\jdk-13.0.1\bin\net.dll
0x00007ff892db0000 - 0x00007ff892eb8000 	C:\WINDOWS\SYSTEM32\WINHTTP.dll
0x00007ff89c460000 - 0x00007ff89c4ca000 	C:\WINDOWS\system32\mswsock.dll
0x00007ff8785d0000 - 0x00007ff8785e3000 	E:\Program Files\Java\jdk-13.0.1\bin\nio.dll
0x00007ff877fb0000 - 0x00007ff877fca000 	C:\Program Files\JetBrains\IntelliJ IDEA Community Edition 2020.1.2\bin\breakgen64.dll
0x00007ff819aa0000 - 0x00007ff81ac8d000 	C:\ortools\or-tools_VisualStudio2019-64bit_v7.6.7691\lib\jniortools.dll
0x00007ff89d5c0000 - 0x00007ff89d5e7000 	C:\WINDOWS\System32\bcrypt.dll
0x00007ff877830000 - 0x00007ff87783c000 	C:\WINDOWS\SYSTEM32\VCRUNTIME140_1.dll

dbghelp: loaded successfully - version: 4.0.5 - missing functions: none
symbol engine: initialized successfully - sym options: 0x614 - pdb path: .;E:\Program Files\Java\jdk-13.0.1\bin;C:\WINDOWS\SYSTEM32;C:\WINDOWS\WinSxS\amd64_microsoft.windows.common-controls_6595b64144ccf1df_6.0.19041.1110_none_60b5254171f9507e;E:\Program Files\Java\jdk-13.0.1\bin\server;C:\Program Files\JetBrains\IntelliJ IDEA Community Edition 2020.1.2\bin;C:\ortools\or-tools_VisualStudio2019-64bit_v7.6.7691\lib

VM Arguments:
jvm_args: -Djava.util.Arrays.useLegacyMergeSort=true -Djava.library.path=C:\ortools\or-tools_VisualStudio2019-64bit_v7.6.7691\lib -javaagent:C:\Program Files\JetBrains\IntelliJ IDEA Community Edition 2020.1.2\lib\idea_rt.jar=54170:C:\Program Files\JetBrains\IntelliJ IDEA Community Edition 2020.1.2\bin -Dfile.encoding=UTF-8 
java_command: Main
java_class_path (initial): C:\Users\duong\IdeaProjects\SensorOnBusProblem\target\classes;C:\Users\duong\.m2\repository\org\apache\maven\plugins\maven-compiler-plugin\3.8.1\maven-compiler-plugin-3.8.1.jar;C:\Users\duong\.m2\repository\org\apache\maven\maven-plugin-api\3.0\maven-plugin-api-3.0.jar;C:\Users\duong\.m2\repository\org\apache\maven\maven-model\3.0\maven-model-3.0.jar;C:\Users\duong\.m2\repository\org\sonatype\sisu\sisu-inject-plexus\1.4.2\sisu-inject-plexus-1.4.2.jar;C:\Users\duong\.m2\repository\org\sonatype\sisu\sisu-inject-bean\1.4.2\sisu-inject-bean-1.4.2.jar;C:\Users\duong\.m2\repository\org\sonatype\sisu\sisu-guice\2.1.7\sisu-guice-2.1.7-noaop.jar;C:\Users\duong\.m2\repository\org\apache\maven\maven-artifact\3.0\maven-artifact-3.0.jar;C:\Users\duong\.m2\repository\org\codehaus\plexus\plexus-utils\2.0.4\plexus-utils-2.0.4.jar;C:\Users\duong\.m2\repository\org\apache\maven\maven-core\3.0\maven-core-3.0.jar;C:\Users\duong\.m2\repository\org\apache\maven\maven-settings\3.0\maven-settings-3.0.jar;C:\Users\duong\.m2\repository\org\apache\maven\maven-settings-builder\3.0\maven-settings-builder-3.0.jar;C:\Users\duong\.m2\repository\org\apache\maven\maven-repository-metadata\3.0\maven-repository-metadata-3.0.jar;C:\Users\duong\.m2\repository\org\apache\maven\maven-model-builder\3.0\maven-model-builder-3.0.jar;C:\Users\duong\.m2\repository\org\apache\maven\maven-aether-provider\3.0\maven-aether-provider-3.0.jar;C:\Users\duong\.m2\repository\org\sonatype\aether\aether-impl\1.7\aether-impl-1.7.jar;C:\Users\duong\.m2\repository\org\sonatype\aether\aether-spi\1.7\aether-spi-1.7.jar;C:\Users\duong\.m2\repository\org\sonatype\aether\aether-api\1.7\aether-api-1.7.jar;C:\Users\duong\.m2\repository\org\sonatype\aether\aether-util\1.7\aether-util-1.7.jar;C:\Users\duong\.m2\repository\org\codehaus\plexus\plexus-interpolation\1.14\plexus-interpolation-1.14.jar;C:\Users\duong\.m2\repository\org\codehaus\plexus\plexus-classworlds\2.2.3\plexus-classworlds-2.2.3.jar;C:\User
Launcher Type: SUN_STANDARD

[Global flags]
     intx CICompilerCount                          = 4                                         {product} {ergonomic}
     uint ConcGCThreads                            = 2                                         {product} {ergonomic}
     uint G1ConcRefinementThreads                  = 8                                         {product} {ergonomic}
   size_t G1HeapRegionSize                         = 1048576                                   {product} {ergonomic}
    uintx GCDrainStackTargetSize                   = 64                                        {product} {ergonomic}
   size_t InitialHeapSize                          = 268435456                                 {product} {ergonomic}
   size_t MarkStackSize                            = 4194304                                   {product} {ergonomic}
   size_t MaxHeapSize                              = 4267704320                                {product} {ergonomic}
   size_t MaxNewSize                               = 2560622592                                {product} {ergonomic}
   size_t MinHeapDeltaBytes                        = 1048576                                   {product} {ergonomic}
   size_t MinHeapSize                              = 8388608                                   {product} {ergonomic}
    uintx NonNMethodCodeHeapSize                   = 5836300                                {pd product} {ergonomic}
    uintx NonProfiledCodeHeapSize                  = 122910970                              {pd product} {ergonomic}
    uintx ProfiledCodeHeapSize                     = 122910970                              {pd product} {ergonomic}
    uintx ReservedCodeCacheSize                    = 251658240                              {pd product} {ergonomic}
     bool SegmentedCodeCache                       = true                                      {product} {ergonomic}
   size_t SoftMaxHeapSize                          = 4267704320                             {manageable} {ergonomic}
     bool UseCompressedClassPointers               = true                                 {lp64_product} {ergonomic}
     bool UseCompressedOops                        = true                                 {lp64_product} {ergonomic}
     bool UseG1GC                                  = true                                      {product} {ergonomic}
     bool UseLargePagesIndividualAllocation        = false                                  {pd product} {ergonomic}

Logging:
Log output configuration:
 #0: stdout all=warning uptime,level,tags
 #1: stderr all=off uptime,level,tags

Environment Variables:
PATH=C:\Program Files (x86)\Common Files\Oracle\Java\javapath;C:\Python38\Scripts\;C:\Python38\;C:\Program Files (x86)\Intel\Intel(R) Management Engine Components\iCLS\;C:\Program Files\Intel\Intel(R) Management Engine Components\iCLS\;C:\windows\system32;C:\windows;C:\windows\System32\Wbem;C:\windows\System32\WindowsPowerShell\v1.0\;C:\windows\System32\OpenSSH\;C:\Program Files (x86)\Intel\Intel(R) Management Engine Components\DAL;C:\Program Files\Intel\Intel(R) Management Engine Components\DAL;C:\Program Files (x86)\Intel\Intel(R) Management Engine Components\IPT;C:\Program Files\Intel\Intel(R) Management Engine Components\IPT;C:\Program Files\Intel\WiFi\bin\;C:\Program Files\Common Files\Intel\WirelessCommon\;C:\Program Files\NVIDIA Corporation\NVIDIA NvDLISR;C:\Program Files (x86)\AOMEI Backupper;C:\WINDOWS\system32;C:\WINDOWS;C:\WINDOWS\System32\Wbem;C:\WINDOWS\System32\WindowsPowerShell\v1.0\;C:\WINDOWS\System32\OpenSSH\;C:\Program Files (x86)\NVIDIA Corporation\PhysX\Common;C:\Program Files\nodejs\;C:\ProgramData\chocolatey\bin;C:\Program Files\Git\cmd;C:\Program Files\MiKTeX\miktex\bin\x64\;C:\Program Files\dotnet\;C:\WINDOWS\system32;C:\WINDOWS;C:\WINDOWS\System32\Wbem;C:\WINDOWS\System32\WindowsPowerShell\v1.0\;C:\WINDOWS\System32\OpenSSH\;C:\maven\apache-maven-3.8.1\bin;C:\Users\duong\anaconda3;C:\Users\duong\anaconda3\Library\mingw-w64\bin;C:\Users\duong\anaconda3\Library\usr\bin;C:\Users\duong\anaconda3\Library\bin;C:\Users\duong\anaconda3\Scripts;C:\Users\duong\AppData\Local\Programs\Python\Python38-32\Scripts\;C:\Users\duong\AppData\Local\Programs\Python\Python38-32\;C:\Users\duong\AppData\Local\Microsoft\WindowsApps;C:\Program Files\JetBrains\PyCharm Community Edition 2019.2.3\bin;C:\Users\duong\AppData\Roaming\npm;C:\Users\duong\Downloads\mongodb-win32-x86_64-2012plus-4.2.7\bin;C:\Users\duong\AppData\Local\GitHubDesktop\bin;C:\Program Files\JetBrains\IntelliJ IDEA Community Edition 2020.1.2\bin;;C:\Program Files\JetBrains\IntelliJ IDEA 2020.2.3.new\bin
USERNAME=duong
OS=Windows_NT
PROCESSOR_IDENTIFIER=Intel64 Family 6 Model 158 Stepping 10, GenuineIntel



---------------  S Y S T E M  ---------------

OS: Windows 10 , 64 bit Build 19041 (10.0.19041.1151)

CPU:total 8 (initial active 8) (4 cores per cpu, 2 threads per core) family 6 model 158 stepping 10, cmov, cx8, fxsr, mmx, sse, sse2, sse3, ssse3, sse4.1, sse4.2, popcnt, avx, avx2, aes, clmul, erms, 3dnowpref, lzcnt, ht, tsc, tscinvbit, bmi1, bmi2, adx, fma

Memory: 4k page, system-wide physical 16273M (6406M free)
TotalPageFile size 30609M (AvailPageFile size 15495M)
current process WorkingSet (physical memory assigned to process): 278M, peak: 285M
current process commit charge ("private bytes"): 417M, peak: 426M

vm_info: Java HotSpot(TM) 64-Bit Server VM (13.0.1+9) for windows-amd64 JRE (13.0.1+9), built on Oct  6 2019 12:37:49 by "mach5one" with unknown MS VC++:1916

END.
